2018-09-18T03:44:43.927Z : INFO: Initiating the scenario
2018-09-18T03:44:43.928Z : INFO: Assigning Job ID
2018-09-18T03:44:43.939Z : INFO: Started Execution
2018-09-18T03:44:43.941Z : INFO: currently executing ERP system with ID: S41
2018-09-18T03:44:44.343Z : INFO: Invoked the job in ERP system.
2018-09-18T03:44:44.343Z : INFO: currently executing BW system with ID: BW1
2018-09-18T03:44:45.288Z : INFO: Invoked the job in BW system, the Job ID is DS0JKIJDMZVJQ10M32B555DX8
2018-09-18T03:44:45.288Z : INFO: Checking the job status for the job with job ID:: DS0JKIJDMZVJQ10M32B555DX8
2018-09-18T03:44:45.637Z : INFO: : Process chain PC_DELTA_E2E_ODP has status &#34;Active&#34; (log ID DS0JKIJDMZVJQ10M32B555DX8)
2018-09-18T03:44:48.003Z : INFO: : Process chain PC_DELTA_E2E_ODP has status &#34;Active&#34; (log ID DS0JKIJDMZVJQ10M32B555DX8)
2018-09-18T03:44:50.582Z : INFO: : Process chain PC_DELTA_E2E_ODP has status &#34;Active&#34; (log ID DS0JKIJDMZVJQ10M32B555DX8)
2018-09-18T03:44:53.103Z : INFO: : Process chain PC_DELTA_E2E_ODP has status &#34;Active&#34; (log ID DS0JKIJDMZVJQ10M32B555DX8)
2018-09-18T03:44:55.635Z : INFO: : Process chain PC_DELTA_E2E_ODP has status &#34;Active&#34; (log ID DS0JKIJDMZVJQ10M32B555DX8)
2018-09-18T03:44:58.183Z : INFO: : Process chain PC_DELTA_E2E_ODP has status &#34;Active&#34; (log ID DS0JKIJDMZVJQ10M32B555DX8)
2018-09-18T03:45:00.727Z : INFO: : Process chain PC_DELTA_E2E_ODP has status &#34;Active&#34; (log ID DS0JKIJDMZVJQ10M32B555DX8)
2018-09-18T03:45:03.284Z : INFO: : Process chain PC_DELTA_E2E_ODP has status &#34;Ok&#34; (log ID DS0JKIJDMZVJQ10M32B555DX8)
2018-09-18T03:45:05.284Z : INFO: currently executing SAC system with ID: SAC1
2018-09-18T03:45:05.284Z : INFO: Completed execution of the scenario
2018-09-18T03:45:05.284Z : INFO: Completed execution of the scenario
() => new Date().toUTCString() : INFO: Initiating the scenario
() => new Date().toUTCString() : INFO: Assigning Job ID
() => new Date().toUTCString() : INFO: Started Execution
() => new Date().toUTCString() : INFO: currently executing ERP system with ID: S41
() => new Date().toUTCString() : INFO: Invoked the job in ERP system.
() => new Date().toUTCString() : INFO: currently executing BW system with ID: BW1
() => new Date().toUTCString() : INFO: Invoked the job in BW system, the Job ID is DS0JL8RLARHVLCK4ESV1BP3UK
() => new Date().toUTCString() : INFO: Checking the job status for the job with job ID:: DS0JL8RLARHVLCK4ESV1BP3UK
() => new Date().toUTCString() : INFO: : Process chain PC_DELTA_E2E_ODP has status &#34;Active&#34; (log ID DS0JL8RLARHVLCK4ESV1BP3UK)
() => new Date().toUTCString() : INFO: : Process chain PC_DELTA_E2E_ODP has status &#34;Active&#34; (log ID DS0JL8RLARHVLCK4ESV1BP3UK)
() => new Date().toUTCString() : INFO: : Process chain PC_DELTA_E2E_ODP has status &#34;Active&#34; (log ID DS0JL8RLARHVLCK4ESV1BP3UK)
() => new Date().toUTCString() : INFO: : Process chain PC_DELTA_E2E_ODP has status &#34;Active&#34; (log ID DS0JL8RLARHVLCK4ESV1BP3UK)
() => new Date().toUTCString() : INFO: : Process chain PC_DELTA_E2E_ODP has status &#34;Active&#34; (log ID DS0JL8RLARHVLCK4ESV1BP3UK)
() => new Date().toUTCString() : INFO: : Process chain PC_DELTA_E2E_ODP has status &#34;Active&#34; (log ID DS0JL8RLARHVLCK4ESV1BP3UK)
() => new Date().toUTCString() : INFO: : Process chain PC_DELTA_E2E_ODP has status &#34;Ok&#34; (log ID DS0JL8RLARHVLCK4ESV1BP3UK)
() => new Date().toUTCString() : INFO: currently executing SAC system with ID: SAC1
() => new Date().toUTCString() : INFO: Completed execution of the scenario
() => new Date().toUTCString() : INFO: Completed execution of the scenario
Tue, 18 Sep 2018 03:50:13 GMT : INFO: Initiating the scenario
Tue, 18 Sep 2018 03:50:13 GMT : INFO: Assigning Job ID
Tue, 18 Sep 2018 03:50:13 GMT : INFO: Started Execution
Tue, 18 Sep 2018 03:50:13 GMT : INFO: currently executing ERP system with ID: S41
Tue, 18 Sep 2018 03:50:13 GMT : INFO: Invoked the job in ERP system.
Tue, 18 Sep 2018 03:50:13 GMT : INFO: currently executing BW system with ID: BW1
Tue, 18 Sep 2018 03:50:15 GMT : INFO: Invoked the job in BW system, the Job ID is DS0JLOH5VNWEYKXTVIHWJAC3G
Tue, 18 Sep 2018 03:50:15 GMT : INFO: Checking the job status for the job with job ID:: DS0JLOH5VNWEYKXTVIHWJAC3G
Tue, 18 Sep 2018 03:50:15 GMT : INFO: : Process chain PC_DELTA_E2E_ODP has status &#34;Active&#34; (log ID DS0JLOH5VNWEYKXTVIHWJAC3G)
Tue, 18 Sep 2018 03:50:17 GMT : INFO: : Process chain PC_DELTA_E2E_ODP has status &#34;Active&#34; (log ID DS0JLOH5VNWEYKXTVIHWJAC3G)
Tue, 18 Sep 2018 03:50:20 GMT : INFO: : Process chain PC_DELTA_E2E_ODP has status &#34;Active&#34; (log ID DS0JLOH5VNWEYKXTVIHWJAC3G)
Tue, 18 Sep 2018 03:50:22 GMT : INFO: : Process chain PC_DELTA_E2E_ODP has status &#34;Active&#34; (log ID DS0JLOH5VNWEYKXTVIHWJAC3G)
Tue, 18 Sep 2018 03:50:28 GMT : INFO: : Process chain PC_DELTA_E2E_ODP has status &#34;Active&#34; (log ID DS0JLOH5VNWEYKXTVIHWJAC3G)
Tue, 18 Sep 2018 03:50:30 GMT : INFO: : Process chain PC_DELTA_E2E_ODP has status &#34;Active&#34; (log ID DS0JLOH5VNWEYKXTVIHWJAC3G)
Tue, 18 Sep 2018 03:50:33 GMT : INFO: : Process chain PC_DELTA_E2E_ODP has status &#34;Ok&#34; (log ID DS0JLOH5VNWEYKXTVIHWJAC3G)
Tue, 18 Sep 2018 03:50:35 GMT : INFO: currently executing SAC system with ID: SAC1
Tue, 18 Sep 2018 03:50:35 GMT : INFO: Completed execution of the scenario
Tue, 18 Sep 2018 03:50:35 GMT : INFO: Completed execution of the scenario
Tue, 18 Sep 2018 05:03:19 GMT : INFO: Initiating the scenario
Tue, 18 Sep 2018 05:03:19 GMT : INFO: Assigning Job ID
Tue, 18 Sep 2018 05:03:19 GMT : INFO: Started Execution
Tue, 18 Sep 2018 05:03:19 GMT : INFO: currently executing ERP system with ID: S41
Tue, 18 Sep 2018 05:03:19 GMT : INFO: Invoked the job in ERP system.
Tue, 18 Sep 2018 05:03:19 GMT : INFO: currently executing BW system with ID: BW1
Tue, 18 Sep 2018 05:03:20 GMT : INFO: Invoked the job in BW system, the Job ID is DS0K166SAUUHHT6ZQFZORXTJ0
Tue, 18 Sep 2018 05:03:20 GMT : INFO: Checking the job status for the job with job ID:: DS0K166SAUUHHT6ZQFZORXTJ0
Tue, 18 Sep 2018 05:03:22 GMT : INFO: : Process chain PC_DELTA_E2E_ODP has status &#34;Active&#34; (log ID DS0K166SAUUHHT6ZQFZORXTJ0)
Tue, 18 Sep 2018 05:03:27 GMT : INFO: : Process chain PC_DELTA_E2E_ODP has status &#34;Active&#34; (log ID DS0K166SAUUHHT6ZQFZORXTJ0)
Tue, 18 Sep 2018 05:03:30 GMT : INFO: : Process chain PC_DELTA_E2E_ODP has status &#34;Active&#34; (log ID DS0K166SAUUHHT6ZQFZORXTJ0)
Tue, 18 Sep 2018 05:03:33 GMT : INFO: : Process chain PC_DELTA_E2E_ODP has status &#34;Active&#34; (log ID DS0K166SAUUHHT6ZQFZORXTJ0)
Tue, 18 Sep 2018 05:03:35 GMT : INFO: : Process chain PC_DELTA_E2E_ODP has status &#34;Active&#34; (log ID DS0K166SAUUHHT6ZQFZORXTJ0)
Tue, 18 Sep 2018 05:03:38 GMT : INFO: : Process chain PC_DELTA_E2E_ODP has status &#34;Ok&#34; (log ID DS0K166SAUUHHT6ZQFZORXTJ0)
Tue, 18 Sep 2018 05:03:40 GMT : INFO: currently executing SAC system with ID: SAC1
Tue, 18 Sep 2018 05:03:40 GMT : INFO: Completed execution of the scenario
Tue, 18 Sep 2018 05:03:40 GMT : INFO: Completed execution of the scenario
Tue, 18 Sep 2018 06:05:15 GMT : INFO: Initiating the scenario
Tue, 18 Sep 2018 06:05:15 GMT : INFO: Assigning Job ID
Tue, 18 Sep 2018 06:05:15 GMT : INFO: Started Execution
Tue, 18 Sep 2018 06:05:15 GMT : INFO: currently executing BW system with ID: BW1
Tue, 18 Sep 2018 06:05:18 GMT : INFO: Invoked the job in BW system, the Job ID is DS0KEAV5NI48HSJ93MDB98X4S
Tue, 18 Sep 2018 06:05:18 GMT : INFO: Checking the job status for the job with job ID:: DS0KEAV5NI48HSJ93MDB98X4S
Tue, 18 Sep 2018 06:05:18 GMT : INFO: : Process chain DTO_CHECK_PC has status &#34;Active&#34; (log ID DS0KEAV5NI48HSJ93MDB98X4S)
Tue, 18 Sep 2018 06:05:20 GMT : INFO: : Process chain DTO_CHECK_PC has status &#34;Active&#34; (log ID DS0KEAV5NI48HSJ93MDB98X4S)
Tue, 18 Sep 2018 06:05:23 GMT : INFO: : Process chain DTO_CHECK_PC has status &#34;Active&#34; (log ID DS0KEAV5NI48HSJ93MDB98X4S)
Tue, 18 Sep 2018 06:05:26 GMT : INFO: : Process chain DTO_CHECK_PC has status &#34;Active&#34; (log ID DS0KEAV5NI48HSJ93MDB98X4S)
Tue, 18 Sep 2018 06:05:29 GMT : INFO: : Process chain DTO_CHECK_PC has status &#34;Active&#34; (log ID DS0KEAV5NI48HSJ93MDB98X4S)
Tue, 18 Sep 2018 06:05:31 GMT : INFO: : Process chain DTO_CHECK_PC has status &#34;Active&#34; (log ID DS0KEAV5NI48HSJ93MDB98X4S)
Tue, 18 Sep 2018 06:05:34 GMT : INFO: : Process chain DTO_CHECK_PC has status &#34;Active&#34; (log ID DS0KEAV5NI48HSJ93MDB98X4S)
Tue, 18 Sep 2018 06:05:37 GMT : INFO: : Process chain DTO_CHECK_PC has status &#34;Aborted&#34; (log ID DS0KEAV5NI48HSJ93MDB98X4S)
Tue, 18 Sep 2018 06:05:39 GMT : INFO: currently executing HDFS system with ID: HDFS1
Tue, 18 Sep 2018 06:05:39 GMT : INFO: currently executing SAC system with ID: SAC1
Tue, 18 Sep 2018 06:09:22 GMT : INFO: Initiating the scenario
Tue, 18 Sep 2018 06:09:22 GMT : INFO: Assigning Job ID
Tue, 18 Sep 2018 06:09:22 GMT : INFO: Started Execution
Tue, 18 Sep 2018 06:09:22 GMT : INFO: currently executing BW system with ID: BW1
Tue, 18 Sep 2018 06:09:23 GMT : INFO: Invoked the job in BW system, the Job ID is DS0KF6BOOI9R6YCCEQR8FDINW
Tue, 18 Sep 2018 06:09:23 GMT : INFO: Checking the job status for the job with job ID:: DS0KF6BOOI9R6YCCEQR8FDINW
Tue, 18 Sep 2018 06:09:24 GMT : INFO: : Process chain DTO_CHECK_PC has status &#34;Active&#34; (log ID DS0KF6BOOI9R6YCCEQR8FDINW)
Tue, 18 Sep 2018 06:09:26 GMT : INFO: : Process chain DTO_CHECK_PC has status &#34;Active&#34; (log ID DS0KF6BOOI9R6YCCEQR8FDINW)
Tue, 18 Sep 2018 06:09:33 GMT : INFO: : Process chain DTO_CHECK_PC has status &#34;Active&#34; (log ID DS0KF6BOOI9R6YCCEQR8FDINW)
Tue, 18 Sep 2018 06:09:36 GMT : INFO: : Process chain DTO_CHECK_PC has status &#34;Active&#34; (log ID DS0KF6BOOI9R6YCCEQR8FDINW)
Tue, 18 Sep 2018 06:09:39 GMT : INFO: : Process chain DTO_CHECK_PC has status &#34;Active&#34; (log ID DS0KF6BOOI9R6YCCEQR8FDINW)
Tue, 18 Sep 2018 06:09:41 GMT : INFO: : Process chain DTO_CHECK_PC has status &#34;Active&#34; (log ID DS0KF6BOOI9R6YCCEQR8FDINW)
Tue, 18 Sep 2018 06:09:44 GMT : INFO: : Process chain DTO_CHECK_PC has status &#34;Active&#34; (log ID DS0KF6BOOI9R6YCCEQR8FDINW)
Tue, 18 Sep 2018 06:09:50 GMT : INFO: : Process chain DTO_CHECK_PC has status &#34;Active&#34; (log ID DS0KF6BOOI9R6YCCEQR8FDINW)
Tue, 18 Sep 2018 06:09:53 GMT : INFO: : Process chain DTO_CHECK_PC has status &#34;Active&#34; (log ID DS0KF6BOOI9R6YCCEQR8FDINW)
Tue, 18 Sep 2018 06:09:56 GMT : INFO: : Process chain DTO_CHECK_PC has status &#34;Active&#34; (log ID DS0KF6BOOI9R6YCCEQR8FDINW)
Tue, 18 Sep 2018 06:09:59 GMT : INFO: : Process chain DTO_CHECK_PC has status &#34;Active&#34; (log ID DS0KF6BOOI9R6YCCEQR8FDINW)
Tue, 18 Sep 2018 06:10:02 GMT : INFO: : Process chain DTO_CHECK_PC has status &#34;Active&#34; (log ID DS0KF6BOOI9R6YCCEQR8FDINW)
Tue, 18 Sep 2018 06:10:04 GMT : INFO: : Process chain DTO_CHECK_PC has status &#34;Active&#34; (log ID DS0KF6BOOI9R6YCCEQR8FDINW)
Tue, 18 Sep 2018 06:10:07 GMT : INFO: : Process chain DTO_CHECK_PC has status &#34;Active&#34; (log ID DS0KF6BOOI9R6YCCEQR8FDINW)
Tue, 18 Sep 2018 06:10:10 GMT : INFO: : Process chain DTO_CHECK_PC has status &#34;Active&#34; (log ID DS0KF6BOOI9R6YCCEQR8FDINW)
Tue, 18 Sep 2018 06:10:13 GMT : INFO: : Process chain DTO_CHECK_PC has status &#34;Active&#34; (log ID DS0KF6BOOI9R6YCCEQR8FDINW)
Tue, 18 Sep 2018 06:10:16 GMT : INFO: : Process chain DTO_CHECK_PC has status &#34;Active&#34; (log ID DS0KF6BOOI9R6YCCEQR8FDINW)
Tue, 18 Sep 2018 06:10:19 GMT : INFO: : Process chain DTO_CHECK_PC has status &#34;Active&#34; (log ID DS0KF6BOOI9R6YCCEQR8FDINW)
Tue, 18 Sep 2018 06:10:21 GMT : INFO: : Process chain DTO_CHECK_PC has status &#34;Active&#34; (log ID DS0KF6BOOI9R6YCCEQR8FDINW)
Tue, 18 Sep 2018 06:10:24 GMT : INFO: : Process chain DTO_CHECK_PC has status &#34;Active&#34; (log ID DS0KF6BOOI9R6YCCEQR8FDINW)
Tue, 18 Sep 2018 06:10:27 GMT : INFO: : Process chain DTO_CHECK_PC has status &#34;Active&#34; (log ID DS0KF6BOOI9R6YCCEQR8FDINW)
Tue, 18 Sep 2018 06:10:30 GMT : INFO: : Process chain DTO_CHECK_PC has status &#34;Active&#34; (log ID DS0KF6BOOI9R6YCCEQR8FDINW)
Tue, 18 Sep 2018 06:10:33 GMT : INFO: : Process chain DTO_CHECK_PC has status &#34;Active&#34; (log ID DS0KF6BOOI9R6YCCEQR8FDINW)
Tue, 18 Sep 2018 06:10:36 GMT : INFO: : Process chain DTO_CHECK_PC has status &#34;Active&#34; (log ID DS0KF6BOOI9R6YCCEQR8FDINW)
Tue, 18 Sep 2018 06:10:39 GMT : INFO: : Process chain DTO_CHECK_PC has status &#34;Active&#34; (log ID DS0KF6BOOI9R6YCCEQR8FDINW)
Tue, 18 Sep 2018 06:10:42 GMT : INFO: : Process chain DTO_CHECK_PC has status &#34;Active&#34; (log ID DS0KF6BOOI9R6YCCEQR8FDINW)
Tue, 18 Sep 2018 06:10:45 GMT : INFO: : Process chain DTO_CHECK_PC has status &#34;Active&#34; (log ID DS0KF6BOOI9R6YCCEQR8FDINW)
Tue, 18 Sep 2018 06:10:47 GMT : INFO: : Process chain DTO_CHECK_PC has status &#34;Active&#34; (log ID DS0KF6BOOI9R6YCCEQR8FDINW)
Tue, 18 Sep 2018 06:10:50 GMT : INFO: : Process chain DTO_CHECK_PC has status &#34;Active&#34; (log ID DS0KF6BOOI9R6YCCEQR8FDINW)
Tue, 18 Sep 2018 06:10:53 GMT : INFO: : Process chain DTO_CHECK_PC has status &#34;Active&#34; (log ID DS0KF6BOOI9R6YCCEQR8FDINW)
Tue, 18 Sep 2018 06:10:56 GMT : INFO: : Process chain DTO_CHECK_PC has status &#34;Ok&#34; (log ID DS0KF6BOOI9R6YCCEQR8FDINW)
Tue, 18 Sep 2018 06:10:58 GMT : INFO: currently executing HDFS system with ID: HDFS1
Tue, 18 Sep 2018 06:10:58 GMT : INFO: currently executing SAC system with ID: SAC1
Tue, 18 Sep 2018 06:10:58 GMT : INFO: Completed execution of the scenario
Tue, 18 Sep 2018 06:15:55 GMT : INFO: Initiating the scenario
Tue, 18 Sep 2018 06:15:55 GMT : INFO: Assigning Job ID
Tue, 18 Sep 2018 06:15:55 GMT : INFO: Started Execution
Tue, 18 Sep 2018 06:15:55 GMT : INFO: currently executing ERP system with ID: S41
Tue, 18 Sep 2018 06:15:55 GMT : INFO: Invoked the job in ERP system.
Tue, 18 Sep 2018 06:15:55 GMT : INFO: currently executing BW system with ID: BW1
Tue, 18 Sep 2018 06:15:57 GMT : INFO: Invoked the job in BW system, the Job ID is DS0KGKQPWW7R8BTO8JQKGCT6K
Tue, 18 Sep 2018 06:15:57 GMT : INFO: Checking the job status for the job with job ID:: DS0KGKQPWW7R8BTO8JQKGCT6K
Tue, 18 Sep 2018 06:15:57 GMT : INFO: : Process chain PC_DELTA_E2E_ODP has status &#34;Active&#34; (log ID DS0KGKQPWW7R8BTO8JQKGCT6K)
Tue, 18 Sep 2018 06:15:59 GMT : INFO: : Process chain PC_DELTA_E2E_ODP has status &#34;Active&#34; (log ID DS0KGKQPWW7R8BTO8JQKGCT6K)
Tue, 18 Sep 2018 06:16:02 GMT : INFO: : Process chain PC_DELTA_E2E_ODP has status &#34;Active&#34; (log ID DS0KGKQPWW7R8BTO8JQKGCT6K)
Tue, 18 Sep 2018 06:16:05 GMT : INFO: : Process chain PC_DELTA_E2E_ODP has status &#34;Active&#34; (log ID DS0KGKQPWW7R8BTO8JQKGCT6K)
Tue, 18 Sep 2018 06:16:07 GMT : INFO: : Process chain PC_DELTA_E2E_ODP has status &#34;Active&#34; (log ID DS0KGKQPWW7R8BTO8JQKGCT6K)
Tue, 18 Sep 2018 06:16:10 GMT : INFO: : Process chain PC_DELTA_E2E_ODP has status &#34;Active&#34; (log ID DS0KGKQPWW7R8BTO8JQKGCT6K)
Tue, 18 Sep 2018 06:16:13 GMT : INFO: : Process chain PC_DELTA_E2E_ODP has status &#34;Active&#34; (log ID DS0KGKQPWW7R8BTO8JQKGCT6K)
Tue, 18 Sep 2018 06:16:15 GMT : INFO: : Process chain PC_DELTA_E2E_ODP has status &#34;Ok&#34; (log ID DS0KGKQPWW7R8BTO8JQKGCT6K)
Tue, 18 Sep 2018 06:16:17 GMT : INFO: currently executing SAC system with ID: SAC1
Tue, 18 Sep 2018 06:16:17 GMT : INFO: Completed execution of the scenario
Tue, 18 Sep 2018 06:16:17 GMT : INFO: Completed execution of the scenario
Tue, 18 Sep 2018 06:16:56 GMT : INFO: Initiating the scenario
Tue, 18 Sep 2018 06:16:56 GMT : INFO: Assigning Job ID
Tue, 18 Sep 2018 06:16:56 GMT : INFO: Started Execution
Tue, 18 Sep 2018 06:16:56 GMT : INFO: currently executing ERP system with ID: S41
Tue, 18 Sep 2018 06:16:57 GMT : INFO: Invoked the job in ERP system.
Tue, 18 Sep 2018 06:16:57 GMT : INFO: currently executing BW system with ID: BW1
Tue, 18 Sep 2018 06:16:58 GMT : INFO: Invoked the job in BW system, the Job ID is DS0KGSIYS2U2XXRBJCKN0EL6K
Tue, 18 Sep 2018 06:16:58 GMT : INFO: Checking the job status for the job with job ID:: DS0KGSIYS2U2XXRBJCKN0EL6K
Tue, 18 Sep 2018 06:16:58 GMT : INFO: : Process chain PC_DELTA_E2E_ODP has status &#34;Active&#34; (log ID DS0KGSIYS2U2XXRBJCKN0EL6K)
Tue, 18 Sep 2018 06:17:00 GMT : INFO: : Process chain PC_DELTA_E2E_ODP has status &#34;Active&#34; (log ID DS0KGSIYS2U2XXRBJCKN0EL6K)
Tue, 18 Sep 2018 06:17:03 GMT : INFO: : Process chain PC_DELTA_E2E_ODP has status &#34;Active&#34; (log ID DS0KGSIYS2U2XXRBJCKN0EL6K)
Tue, 18 Sep 2018 06:17:06 GMT : INFO: : Process chain PC_DELTA_E2E_ODP has status &#34;Active&#34; (log ID DS0KGSIYS2U2XXRBJCKN0EL6K)
Tue, 18 Sep 2018 06:17:11 GMT : INFO: : Process chain PC_DELTA_E2E_ODP has status &#34;Active&#34; (log ID DS0KGSIYS2U2XXRBJCKN0EL6K)
Tue, 18 Sep 2018 06:17:14 GMT : INFO: : Process chain PC_DELTA_E2E_ODP has status &#34;Active&#34; (log ID DS0KGSIYS2U2XXRBJCKN0EL6K)
Tue, 18 Sep 2018 06:17:17 GMT : INFO: : Process chain PC_DELTA_E2E_ODP has status &#34;Ok&#34; (log ID DS0KGSIYS2U2XXRBJCKN0EL6K)
Tue, 18 Sep 2018 06:17:19 GMT : INFO: currently executing SAC system with ID: SAC1
Tue, 18 Sep 2018 06:17:19 GMT : INFO: Completed execution of the scenario
Tue, 18 Sep 2018 06:17:19 GMT : INFO: Completed execution of the scenario
Tue, 18 Sep 2018 06:19:11 GMT : INFO: Initiating the scenario
Tue, 18 Sep 2018 06:19:11 GMT : INFO: Assigning Job ID
Tue, 18 Sep 2018 06:19:11 GMT : INFO: Started Execution
Tue, 18 Sep 2018 06:19:11 GMT : INFO: currently executing S4 system with ID: S41
Tue, 18 Sep 2018 06:19:11 GMT : INFO: currently executing BW system with ID: BW1
Tue, 18 Sep 2018 06:19:12 GMT : INFO: Invoked the job in BW system, the Job ID is DS0KH90SK43DQESNPZEWZV8AK
Tue, 18 Sep 2018 06:19:12 GMT : INFO: Checking the job status for the job with job ID:: DS0KH90SK43DQESNPZEWZV8AK
Tue, 18 Sep 2018 06:19:13 GMT : INFO: : Process chain DL_CALL_S4H_PC has status &#34;Active&#34; (log ID DS0KH90SK43DQESNPZEWZV8AK)
Tue, 18 Sep 2018 06:19:15 GMT : INFO: : Process chain DL_CALL_S4H_PC has status &#34;Active&#34; (log ID DS0KH90SK43DQESNPZEWZV8AK)
Tue, 18 Sep 2018 06:19:17 GMT : INFO: : Process chain DL_CALL_S4H_PC has status &#34;Active&#34; (log ID DS0KH90SK43DQESNPZEWZV8AK)
Tue, 18 Sep 2018 06:19:20 GMT : INFO: : Process chain DL_CALL_S4H_PC has status &#34;Active&#34; (log ID DS0KH90SK43DQESNPZEWZV8AK)
Tue, 18 Sep 2018 06:19:22 GMT : INFO: : Process chain DL_CALL_S4H_PC has status &#34;Active&#34; (log ID DS0KH90SK43DQESNPZEWZV8AK)
Tue, 18 Sep 2018 06:19:25 GMT : INFO: : Process chain DL_CALL_S4H_PC has status &#34;Active&#34; (log ID DS0KH90SK43DQESNPZEWZV8AK)
Tue, 18 Sep 2018 06:19:27 GMT : INFO: : Process chain DL_CALL_S4H_PC has status &#34;Active&#34; (log ID DS0KH90SK43DQESNPZEWZV8AK)
Tue, 18 Sep 2018 06:19:30 GMT : INFO: : Process chain DL_CALL_S4H_PC has status &#34;Active&#34; (log ID DS0KH90SK43DQESNPZEWZV8AK)
Tue, 18 Sep 2018 06:19:32 GMT : INFO: : Process chain DL_CALL_S4H_PC has status &#34;Active&#34; (log ID DS0KH90SK43DQESNPZEWZV8AK)
Tue, 18 Sep 2018 06:19:35 GMT : INFO: : Process chain DL_CALL_S4H_PC has status &#34;Active&#34; (log ID DS0KH90SK43DQESNPZEWZV8AK)
Tue, 18 Sep 2018 06:19:37 GMT : INFO: : Process chain DL_CALL_S4H_PC has status &#34;Active&#34; (log ID DS0KH90SK43DQESNPZEWZV8AK)
Tue, 18 Sep 2018 06:19:40 GMT : INFO: : Process chain DL_CALL_S4H_PC has status &#34;Active&#34; (log ID DS0KH90SK43DQESNPZEWZV8AK)
Tue, 18 Sep 2018 06:19:42 GMT : INFO: : Process chain DL_CALL_S4H_PC has status &#34;Active&#34; (log ID DS0KH90SK43DQESNPZEWZV8AK)
Tue, 18 Sep 2018 06:19:44 GMT : INFO: : Process chain DL_CALL_S4H_PC has status &#34;Active&#34; (log ID DS0KH90SK43DQESNPZEWZV8AK)
Tue, 18 Sep 2018 06:19:47 GMT : INFO: : Process chain DL_CALL_S4H_PC has status &#34;Active&#34; (log ID DS0KH90SK43DQESNPZEWZV8AK)
Tue, 18 Sep 2018 06:19:49 GMT : INFO: : Process chain DL_CALL_S4H_PC has status &#34;Active&#34; (log ID DS0KH90SK43DQESNPZEWZV8AK)
Tue, 18 Sep 2018 06:19:52 GMT : INFO: : Process chain DL_CALL_S4H_PC has status &#34;Active&#34; (log ID DS0KH90SK43DQESNPZEWZV8AK)
Tue, 18 Sep 2018 06:19:54 GMT : INFO: : Process chain DL_CALL_S4H_PC has status &#34;Active&#34; (log ID DS0KH90SK43DQESNPZEWZV8AK)
Tue, 18 Sep 2018 06:19:57 GMT : INFO: : Process chain DL_CALL_S4H_PC has status &#34;Active&#34; (log ID DS0KH90SK43DQESNPZEWZV8AK)
Tue, 18 Sep 2018 06:19:59 GMT : INFO: : Process chain DL_CALL_S4H_PC has status &#34;Active&#34; (log ID DS0KH90SK43DQESNPZEWZV8AK)
Tue, 18 Sep 2018 06:20:02 GMT : INFO: : Process chain DL_CALL_S4H_PC has status &#34;Active&#34; (log ID DS0KH90SK43DQESNPZEWZV8AK)
Tue, 18 Sep 2018 06:20:04 GMT : INFO: : Process chain DL_CALL_S4H_PC has status &#34;Active&#34; (log ID DS0KH90SK43DQESNPZEWZV8AK)
Tue, 18 Sep 2018 06:20:07 GMT : INFO: : Process chain DL_CALL_S4H_PC has status &#34;Active&#34; (log ID DS0KH90SK43DQESNPZEWZV8AK)
Tue, 18 Sep 2018 06:20:09 GMT : INFO: : Process chain DL_CALL_S4H_PC has status &#34;Active&#34; (log ID DS0KH90SK43DQESNPZEWZV8AK)
Tue, 18 Sep 2018 06:20:11 GMT : INFO: : Process chain DL_CALL_S4H_PC has status &#34;Active&#34; (log ID DS0KH90SK43DQESNPZEWZV8AK)
Tue, 18 Sep 2018 06:20:14 GMT : INFO: : Process chain DL_CALL_S4H_PC has status &#34;Active&#34; (log ID DS0KH90SK43DQESNPZEWZV8AK)
Tue, 18 Sep 2018 06:20:16 GMT : INFO: : Process chain DL_CALL_S4H_PC has status &#34;Active&#34; (log ID DS0KH90SK43DQESNPZEWZV8AK)
Tue, 18 Sep 2018 06:20:19 GMT : INFO: : Process chain DL_CALL_S4H_PC has status &#34;Active&#34; (log ID DS0KH90SK43DQESNPZEWZV8AK)
Tue, 18 Sep 2018 06:20:21 GMT : INFO: : Process chain DL_CALL_S4H_PC has status &#34;Active&#34; (log ID DS0KH90SK43DQESNPZEWZV8AK)
Tue, 18 Sep 2018 06:20:24 GMT : INFO: : Process chain DL_CALL_S4H_PC has status &#34;Ok&#34; (log ID DS0KH90SK43DQESNPZEWZV8AK)
Tue, 18 Sep 2018 06:20:26 GMT : INFO: currently executing SAC system with ID: SAC1
Tue, 18 Sep 2018 06:20:26 GMT : INFO: Completed execution of the scenario
Tue, 18 Sep 2018 06:21:19 GMT : INFO: Initiating the scenario
Tue, 18 Sep 2018 06:21:19 GMT : INFO: Assigning Job ID
Tue, 18 Sep 2018 06:21:19 GMT : INFO: Started Execution
Tue, 18 Sep 2018 06:21:19 GMT : INFO: currently executing BW system with ID: BW1
Tue, 18 Sep 2018 06:21:21 GMT : INFO: Invoked the job in BW system, the Job ID is DS0KHPXM232DWWDKFY0X70GJG
Tue, 18 Sep 2018 06:21:21 GMT : INFO: Checking the job status for the job with job ID:: DS0KHPXM232DWWDKFY0X70GJG
Tue, 18 Sep 2018 06:21:21 GMT : INFO: : Process chain DTO_CHECK_PC has status &#34;Active&#34; (log ID DS0KHPXM232DWWDKFY0X70GJG)
Tue, 18 Sep 2018 06:21:23 GMT : INFO: : Process chain DTO_CHECK_PC has status &#34;Active&#34; (log ID DS0KHPXM232DWWDKFY0X70GJG)
Tue, 18 Sep 2018 06:21:26 GMT : INFO: : Process chain DTO_CHECK_PC has status &#34;Active&#34; (log ID DS0KHPXM232DWWDKFY0X70GJG)
Tue, 18 Sep 2018 06:21:29 GMT : INFO: : Process chain DTO_CHECK_PC has status &#34;Active&#34; (log ID DS0KHPXM232DWWDKFY0X70GJG)
Tue, 18 Sep 2018 06:21:32 GMT : INFO: : Process chain DTO_CHECK_PC has status &#34;Active&#34; (log ID DS0KHPXM232DWWDKFY0X70GJG)
Tue, 18 Sep 2018 06:21:34 GMT : INFO: : Process chain DTO_CHECK_PC has status &#34;Active&#34; (log ID DS0KHPXM232DWWDKFY0X70GJG)
Tue, 18 Sep 2018 06:21:37 GMT : INFO: : Process chain DTO_CHECK_PC has status &#34;Active&#34; (log ID DS0KHPXM232DWWDKFY0X70GJG)
Tue, 18 Sep 2018 06:21:40 GMT : INFO: : Process chain DTO_CHECK_PC has status &#34;Active&#34; (log ID DS0KHPXM232DWWDKFY0X70GJG)
Tue, 18 Sep 2018 06:21:43 GMT : INFO: : Process chain DTO_CHECK_PC has status &#34;Active&#34; (log ID DS0KHPXM232DWWDKFY0X70GJG)
Tue, 18 Sep 2018 06:21:46 GMT : INFO: : Process chain DTO_CHECK_PC has status &#34;Active&#34; (log ID DS0KHPXM232DWWDKFY0X70GJG)
Tue, 18 Sep 2018 06:21:48 GMT : INFO: : Process chain DTO_CHECK_PC has status &#34;Active&#34; (log ID DS0KHPXM232DWWDKFY0X70GJG)
Tue, 18 Sep 2018 06:21:51 GMT : INFO: : Process chain DTO_CHECK_PC has status &#34;Active&#34; (log ID DS0KHPXM232DWWDKFY0X70GJG)
Tue, 18 Sep 2018 06:21:55 GMT : INFO: : Process chain DTO_CHECK_PC has status &#34;Active&#34; (log ID DS0KHPXM232DWWDKFY0X70GJG)
Tue, 18 Sep 2018 06:21:58 GMT : INFO: : Process chain DTO_CHECK_PC has status &#34;Active&#34; (log ID DS0KHPXM232DWWDKFY0X70GJG)
Tue, 18 Sep 2018 06:22:01 GMT : INFO: : Process chain DTO_CHECK_PC has status &#34;Active&#34; (log ID DS0KHPXM232DWWDKFY0X70GJG)
Tue, 18 Sep 2018 06:22:06 GMT : INFO: : Process chain DTO_CHECK_PC has status &#34;Active&#34; (log ID DS0KHPXM232DWWDKFY0X70GJG)
Tue, 18 Sep 2018 06:22:10 GMT : INFO: : Process chain DTO_CHECK_PC has status &#34;Active&#34; (log ID DS0KHPXM232DWWDKFY0X70GJG)
Tue, 18 Sep 2018 06:22:13 GMT : INFO: : Process chain DTO_CHECK_PC has status &#34;Active&#34; (log ID DS0KHPXM232DWWDKFY0X70GJG)
Tue, 18 Sep 2018 06:22:16 GMT : INFO: : Process chain DTO_CHECK_PC has status &#34;Active&#34; (log ID DS0KHPXM232DWWDKFY0X70GJG)
Tue, 18 Sep 2018 06:22:19 GMT : INFO: : Process chain DTO_CHECK_PC has status &#34;Active&#34; (log ID DS0KHPXM232DWWDKFY0X70GJG)
Tue, 18 Sep 2018 06:22:21 GMT : INFO: : Process chain DTO_CHECK_PC has status &#34;Active&#34; (log ID DS0KHPXM232DWWDKFY0X70GJG)
Tue, 18 Sep 2018 06:22:24 GMT : INFO: : Process chain DTO_CHECK_PC has status &#34;Active&#34; (log ID DS0KHPXM232DWWDKFY0X70GJG)
Tue, 18 Sep 2018 06:22:27 GMT : INFO: : Process chain DTO_CHECK_PC has status &#34;Active&#34; (log ID DS0KHPXM232DWWDKFY0X70GJG)
Tue, 18 Sep 2018 06:22:30 GMT : INFO: : Process chain DTO_CHECK_PC has status &#34;Active&#34; (log ID DS0KHPXM232DWWDKFY0X70GJG)
Tue, 18 Sep 2018 06:22:33 GMT : INFO: : Process chain DTO_CHECK_PC has status &#34;Active&#34; (log ID DS0KHPXM232DWWDKFY0X70GJG)
Tue, 18 Sep 2018 06:22:36 GMT : INFO: : Process chain DTO_CHECK_PC has status &#34;Active&#34; (log ID DS0KHPXM232DWWDKFY0X70GJG)
Tue, 18 Sep 2018 06:22:39 GMT : INFO: : Process chain DTO_CHECK_PC has status &#34;Active&#34; (log ID DS0KHPXM232DWWDKFY0X70GJG)
Tue, 18 Sep 2018 06:22:41 GMT : INFO: : Process chain DTO_CHECK_PC has status &#34;Active&#34; (log ID DS0KHPXM232DWWDKFY0X70GJG)
Tue, 18 Sep 2018 06:22:44 GMT : INFO: : Process chain DTO_CHECK_PC has status &#34;Active&#34; (log ID DS0KHPXM232DWWDKFY0X70GJG)
Tue, 18 Sep 2018 06:22:47 GMT : INFO: : Process chain DTO_CHECK_PC has status &#34;Active&#34; (log ID DS0KHPXM232DWWDKFY0X70GJG)
Tue, 18 Sep 2018 06:22:50 GMT : INFO: : Process chain DTO_CHECK_PC has status &#34;Ok&#34; (log ID DS0KHPXM232DWWDKFY0X70GJG)
Tue, 18 Sep 2018 06:22:52 GMT : INFO: currently executing HDFS system with ID: HDFS1
Tue, 18 Sep 2018 06:22:52 GMT : INFO: currently executing SAC system with ID: SAC1
Tue, 18 Sep 2018 06:22:52 GMT : INFO: Completed execution of the scenario
Tue, 18 Sep 2018 08:45:10 GMT : INFO: Initiating the scenario
Tue, 18 Sep 2018 08:45:10 GMT : INFO: Assigning Job ID
Tue, 18 Sep 2018 08:45:10 GMT : INFO: Started Execution
Tue, 18 Sep 2018 08:45:10 GMT : INFO: currently executing ERP system with ID: S41
Tue, 18 Sep 2018 08:45:11 GMT : INFO: Invoked the job in ERP system.
Tue, 18 Sep 2018 08:45:11 GMT : INFO: currently executing BW system with ID: BW1
Tue, 18 Sep 2018 08:45:12 GMT : INFO: Invoked the job in BW system, the Job ID is DS0LC6ROMVEIMSHBFV795Y3EK
Tue, 18 Sep 2018 08:45:12 GMT : INFO: Checking the job status for the job with job ID:: DS0LC6ROMVEIMSHBFV795Y3EK
Tue, 18 Sep 2018 08:45:13 GMT : INFO: : Process chain PC_DELTA_E2E_ODP has status &#34;Active&#34; (log ID DS0LC6ROMVEIMSHBFV795Y3EK)
Tue, 18 Sep 2018 08:45:15 GMT : INFO: : Process chain PC_DELTA_E2E_ODP has status &#34;Active&#34; (log ID DS0LC6ROMVEIMSHBFV795Y3EK)
Tue, 18 Sep 2018 08:45:18 GMT : INFO: : Process chain PC_DELTA_E2E_ODP has status &#34;Active&#34; (log ID DS0LC6ROMVEIMSHBFV795Y3EK)
Tue, 18 Sep 2018 08:45:21 GMT : INFO: : Process chain PC_DELTA_E2E_ODP has status &#34;Active&#34; (log ID DS0LC6ROMVEIMSHBFV795Y3EK)
Tue, 18 Sep 2018 08:45:26 GMT : INFO: : Process chain PC_DELTA_E2E_ODP has status &#34;Active&#34; (log ID DS0LC6ROMVEIMSHBFV795Y3EK)
Tue, 18 Sep 2018 08:45:29 GMT : INFO: : Process chain PC_DELTA_E2E_ODP has status &#34;Active&#34; (log ID DS0LC6ROMVEIMSHBFV795Y3EK)
Tue, 18 Sep 2018 08:45:31 GMT : INFO: : Process chain PC_DELTA_E2E_ODP has status &#34;Ok&#34; (log ID DS0LC6ROMVEIMSHBFV795Y3EK)
Tue, 18 Sep 2018 08:45:33 GMT : INFO: currently executing SAC system with ID: SAC1
Tue, 18 Sep 2018 08:45:33 GMT : INFO: Completed execution of the scenario
Tue, 18 Sep 2018 08:45:33 GMT : INFO: Completed execution of the scenario
Tue, 18 Sep 2018 08:45:47 GMT : INFO: Initiating the scenario
Tue, 18 Sep 2018 08:45:47 GMT : INFO: Assigning Job ID
Tue, 18 Sep 2018 08:45:47 GMT : INFO: Started Execution
Tue, 18 Sep 2018 08:45:47 GMT : INFO: currently executing ERP system with ID: S41
Tue, 18 Sep 2018 08:45:48 GMT : INFO: Invoked the job in ERP system.
Tue, 18 Sep 2018 08:45:48 GMT : INFO: currently executing BW system with ID: BW1
Tue, 18 Sep 2018 08:45:49 GMT : INFO: Invoked the job in BW system, the Job ID is DS0LCB8TZT1V1CRFU21ECBNB0
Tue, 18 Sep 2018 08:45:49 GMT : INFO: Checking the job status for the job with job ID:: DS0LCB8TZT1V1CRFU21ECBNB0
Tue, 18 Sep 2018 08:45:50 GMT : INFO: : Process chain PC_DELTA_E2E_ODP has status &#34;Active&#34; (log ID DS0LCB8TZT1V1CRFU21ECBNB0)
Tue, 18 Sep 2018 08:45:53 GMT : INFO: : Process chain PC_DELTA_E2E_ODP has status &#34;Active&#34; (log ID DS0LCB8TZT1V1CRFU21ECBNB0)
Tue, 18 Sep 2018 08:45:55 GMT : INFO: : Process chain PC_DELTA_E2E_ODP has status &#34;Active&#34; (log ID DS0LCB8TZT1V1CRFU21ECBNB0)
Tue, 18 Sep 2018 08:45:58 GMT : INFO: : Process chain PC_DELTA_E2E_ODP has status &#34;Active&#34; (log ID DS0LCB8TZT1V1CRFU21ECBNB0)
Tue, 18 Sep 2018 08:46:00 GMT : INFO: : Process chain PC_DELTA_E2E_ODP has status &#34;Active&#34; (log ID DS0LCB8TZT1V1CRFU21ECBNB0)
Tue, 18 Sep 2018 08:46:03 GMT : INFO: : Process chain PC_DELTA_E2E_ODP has status &#34;Active&#34; (log ID DS0LCB8TZT1V1CRFU21ECBNB0)
Tue, 18 Sep 2018 08:46:05 GMT : INFO: : Process chain PC_DELTA_E2E_ODP has status &#34;Ok&#34; (log ID DS0LCB8TZT1V1CRFU21ECBNB0)
Tue, 18 Sep 2018 08:46:07 GMT : INFO: currently executing SAC system with ID: SAC1
Tue, 18 Sep 2018 08:46:07 GMT : INFO: Completed execution of the scenario
Tue, 18 Sep 2018 08:46:07 GMT : INFO: Completed execution of the scenario
Tue, 18 Sep 2018 08:46:37 GMT : INFO: Initiating the scenario
Tue, 18 Sep 2018 08:46:37 GMT : INFO: Assigning Job ID
Tue, 18 Sep 2018 08:46:37 GMT : INFO: Started Execution
Tue, 18 Sep 2018 08:46:37 GMT : INFO: currently executing ERP system with ID: S41
Tue, 18 Sep 2018 08:46:38 GMT : INFO: Invoked the job in ERP system.
Tue, 18 Sep 2018 08:46:38 GMT : INFO: currently executing BW system with ID: BW1
Tue, 18 Sep 2018 08:46:39 GMT : INFO: Invoked the job in BW system, the Job ID is DS0LCI5VLMU46M7PDT9BMX96K
Tue, 18 Sep 2018 08:46:39 GMT : INFO: Checking the job status for the job with job ID:: DS0LCI5VLMU46M7PDT9BMX96K
Tue, 18 Sep 2018 08:46:39 GMT : INFO: : Process chain PC_DELTA_E2E_ODP has status &#34;Active&#34; (log ID DS0LCI5VLMU46M7PDT9BMX96K)
Tue, 18 Sep 2018 08:46:42 GMT : INFO: : Process chain PC_DELTA_E2E_ODP has status &#34;Active&#34; (log ID DS0LCI5VLMU46M7PDT9BMX96K)
Tue, 18 Sep 2018 08:46:44 GMT : INFO: : Process chain PC_DELTA_E2E_ODP has status &#34;Active&#34; (log ID DS0LCI5VLMU46M7PDT9BMX96K)
Tue, 18 Sep 2018 08:46:47 GMT : INFO: : Process chain PC_DELTA_E2E_ODP has status &#34;Active&#34; (log ID DS0LCI5VLMU46M7PDT9BMX96K)
Tue, 18 Sep 2018 08:46:49 GMT : INFO: : Process chain PC_DELTA_E2E_ODP has status &#34;Active&#34; (log ID DS0LCI5VLMU46M7PDT9BMX96K)
Tue, 18 Sep 2018 08:46:51 GMT : INFO: Initiating the scenario
Tue, 18 Sep 2018 08:46:51 GMT : INFO: Assigning Job ID
Tue, 18 Sep 2018 08:46:51 GMT : INFO: Started Execution
Tue, 18 Sep 2018 08:46:51 GMT : INFO: currently executing S4 system with ID: S41
Tue, 18 Sep 2018 08:46:51 GMT : INFO: currently executing BW system with ID: BW1
Tue, 18 Sep 2018 08:46:52 GMT : INFO: : Process chain PC_DELTA_E2E_ODP has status &#34;Active&#34; (log ID DS0LCI5VLMU46M7PDT9BMX96K)
Tue, 18 Sep 2018 08:46:54 GMT : INFO: Invoked the job in BW system, the Job ID is DS0LCKE8EJRPDM8B2VVBID324
Tue, 18 Sep 2018 08:46:54 GMT : INFO: Checking the job status for the job with job ID:: DS0LCKE8EJRPDM8B2VVBID324
Tue, 18 Sep 2018 08:46:56 GMT : INFO: : Process chain DL_CALL_S4H_PC has status &#34;Active&#34; (log ID DS0LCKE8EJRPDM8B2VVBID324)
Tue, 18 Sep 2018 08:46:58 GMT : INFO: : Process chain PC_DELTA_E2E_ODP has status &#34;Ok&#34; (log ID DS0LCI5VLMU46M7PDT9BMX96K)
Tue, 18 Sep 2018 08:47:00 GMT : INFO: currently executing SAC system with ID: SAC1
Tue, 18 Sep 2018 08:47:00 GMT : INFO: Completed execution of the scenario
Tue, 18 Sep 2018 08:47:00 GMT : INFO: Completed execution of the scenario
Tue, 18 Sep 2018 08:47:00 GMT : INFO: : Process chain DL_CALL_S4H_PC has status &#34;Active&#34; (log ID DS0LCKE8EJRPDM8B2VVBID324)
Tue, 18 Sep 2018 08:47:02 GMT : INFO: : Process chain DL_CALL_S4H_PC has status &#34;Active&#34; (log ID DS0LCKE8EJRPDM8B2VVBID324)
Tue, 18 Sep 2018 08:47:05 GMT : INFO: : Process chain DL_CALL_S4H_PC has status &#34;Active&#34; (log ID DS0LCKE8EJRPDM8B2VVBID324)
Tue, 18 Sep 2018 08:47:07 GMT : INFO: : Process chain DL_CALL_S4H_PC has status &#34;Active&#34; (log ID DS0LCKE8EJRPDM8B2VVBID324)
Tue, 18 Sep 2018 08:47:10 GMT : INFO: : Process chain DL_CALL_S4H_PC has status &#34;Active&#34; (log ID DS0LCKE8EJRPDM8B2VVBID324)
Tue, 18 Sep 2018 08:47:12 GMT : INFO: : Process chain DL_CALL_S4H_PC has status &#34;Active&#34; (log ID DS0LCKE8EJRPDM8B2VVBID324)
Tue, 18 Sep 2018 08:47:14 GMT : INFO: : Process chain DL_CALL_S4H_PC has status &#34;Active&#34; (log ID DS0LCKE8EJRPDM8B2VVBID324)
Tue, 18 Sep 2018 08:47:17 GMT : INFO: : Process chain DL_CALL_S4H_PC has status &#34;Active&#34; (log ID DS0LCKE8EJRPDM8B2VVBID324)
Tue, 18 Sep 2018 08:47:19 GMT : INFO: : Process chain DL_CALL_S4H_PC has status &#34;Active&#34; (log ID DS0LCKE8EJRPDM8B2VVBID324)
Tue, 18 Sep 2018 08:47:21 GMT : INFO: : Process chain DL_CALL_S4H_PC has status &#34;Active&#34; (log ID DS0LCKE8EJRPDM8B2VVBID324)
Tue, 18 Sep 2018 08:47:24 GMT : INFO: : Process chain DL_CALL_S4H_PC has status &#34;Active&#34; (log ID DS0LCKE8EJRPDM8B2VVBID324)
Tue, 18 Sep 2018 08:47:26 GMT : INFO: : Process chain DL_CALL_S4H_PC has status &#34;Active&#34; (log ID DS0LCKE8EJRPDM8B2VVBID324)
Tue, 18 Sep 2018 08:47:29 GMT : INFO: : Process chain DL_CALL_S4H_PC has status &#34;Active&#34; (log ID DS0LCKE8EJRPDM8B2VVBID324)
Tue, 18 Sep 2018 08:47:31 GMT : INFO: : Process chain DL_CALL_S4H_PC has status &#34;Active&#34; (log ID DS0LCKE8EJRPDM8B2VVBID324)
Tue, 18 Sep 2018 08:47:33 GMT : INFO: : Process chain DL_CALL_S4H_PC has status &#34;Active&#34; (log ID DS0LCKE8EJRPDM8B2VVBID324)
Tue, 18 Sep 2018 08:47:36 GMT : INFO: : Process chain DL_CALL_S4H_PC has status &#34;Active&#34; (log ID DS0LCKE8EJRPDM8B2VVBID324)
Tue, 18 Sep 2018 08:47:38 GMT : INFO: : Process chain DL_CALL_S4H_PC has status &#34;Active&#34; (log ID DS0LCKE8EJRPDM8B2VVBID324)
Tue, 18 Sep 2018 08:47:40 GMT : INFO: : Process chain DL_CALL_S4H_PC has status &#34;Active&#34; (log ID DS0LCKE8EJRPDM8B2VVBID324)
Tue, 18 Sep 2018 08:47:43 GMT : INFO: : Process chain DL_CALL_S4H_PC has status &#34;Active&#34; (log ID DS0LCKE8EJRPDM8B2VVBID324)
Tue, 18 Sep 2018 08:47:45 GMT : INFO: : Process chain DL_CALL_S4H_PC has status &#34;Active&#34; (log ID DS0LCKE8EJRPDM8B2VVBID324)
Tue, 18 Sep 2018 08:47:47 GMT : INFO: : Process chain DL_CALL_S4H_PC has status &#34;Active&#34; (log ID DS0LCKE8EJRPDM8B2VVBID324)
Tue, 18 Sep 2018 08:47:50 GMT : INFO: : Process chain DL_CALL_S4H_PC has status &#34;Active&#34; (log ID DS0LCKE8EJRPDM8B2VVBID324)
Tue, 18 Sep 2018 08:47:52 GMT : INFO: : Process chain DL_CALL_S4H_PC has status &#34;Active&#34; (log ID DS0LCKE8EJRPDM8B2VVBID324)
Tue, 18 Sep 2018 08:47:55 GMT : INFO: : Process chain DL_CALL_S4H_PC has status &#34;Active&#34; (log ID DS0LCKE8EJRPDM8B2VVBID324)
Tue, 18 Sep 2018 08:47:57 GMT : INFO: : Process chain DL_CALL_S4H_PC has status &#34;Active&#34; (log ID DS0LCKE8EJRPDM8B2VVBID324)
Tue, 18 Sep 2018 08:47:59 GMT : INFO: : Process chain DL_CALL_S4H_PC has status &#34;Active&#34; (log ID DS0LCKE8EJRPDM8B2VVBID324)
Tue, 18 Sep 2018 08:48:02 GMT : INFO: : Process chain DL_CALL_S4H_PC has status &#34;Active&#34; (log ID DS0LCKE8EJRPDM8B2VVBID324)
Tue, 18 Sep 2018 08:48:04 GMT : INFO: : Process chain DL_CALL_S4H_PC has status &#34;Ok&#34; (log ID DS0LCKE8EJRPDM8B2VVBID324)
Tue, 18 Sep 2018 08:48:06 GMT : INFO: currently executing SAC system with ID: SAC1
Tue, 18 Sep 2018 08:48:06 GMT : INFO: Completed execution of the scenario
Wed, 19 Sep 2018 10:53:04 GMT : INFO: Initiating the scenario
Wed, 19 Sep 2018 10:53:04 GMT : INFO: Assigning Job ID
Wed, 19 Sep 2018 10:53:04 GMT : INFO: Started Execution
Wed, 19 Sep 2018 10:53:04 GMT : INFO: currently executing ERP system with ID: S41
Wed, 19 Sep 2018 10:53:05 GMT : INFO: Invoked the job in ERP system.
Wed, 19 Sep 2018 10:53:05 GMT : INFO: currently executing BW system with ID: BW1
Wed, 19 Sep 2018 10:53:06 GMT : INFO: Invoked the job in BW system, the Job ID is DS0UKJ7YZRNY6VT4N3Q2Y0GQK
Wed, 19 Sep 2018 10:53:06 GMT : INFO: Checking the job status for the job with job ID:: DS0UKJ7YZRNY6VT4N3Q2Y0GQK
Wed, 19 Sep 2018 10:53:07 GMT : INFO: : Process chain PC_DELTA_E2E_ODP has status &#34;Active&#34; (log ID DS0UKJ7YZRNY6VT4N3Q2Y0GQK)
Wed, 19 Sep 2018 10:53:13 GMT : INFO: : Process chain PC_DELTA_E2E_ODP has status &#34;Active&#34; (log ID DS0UKJ7YZRNY6VT4N3Q2Y0GQK)
Wed, 19 Sep 2018 10:53:15 GMT : INFO: : Process chain PC_DELTA_E2E_ODP has status &#34;Active&#34; (log ID DS0UKJ7YZRNY6VT4N3Q2Y0GQK)
Wed, 19 Sep 2018 10:53:18 GMT : INFO: : Process chain PC_DELTA_E2E_ODP has status &#34;Active&#34; (log ID DS0UKJ7YZRNY6VT4N3Q2Y0GQK)
Wed, 19 Sep 2018 10:53:21 GMT : INFO: : Process chain PC_DELTA_E2E_ODP has status &#34;Active&#34; (log ID DS0UKJ7YZRNY6VT4N3Q2Y0GQK)
Wed, 19 Sep 2018 10:53:23 GMT : INFO: : Process chain PC_DELTA_E2E_ODP has status &#34;Ok&#34; (log ID DS0UKJ7YZRNY6VT4N3Q2Y0GQK)
Wed, 19 Sep 2018 10:53:25 GMT : INFO: currently executing SAC system with ID: SAC1
Wed, 19 Sep 2018 10:53:25 GMT : INFO: Completed execution of the scenario
Wed, 19 Sep 2018 10:53:25 GMT : INFO: Completed execution of the scenario
Thu, 20 Sep 2018 04:43:56 GMT : INFO: Initiating the scenario
Thu, 20 Sep 2018 04:43:56 GMT : INFO: Assigning Job ID
Thu, 20 Sep 2018 04:43:56 GMT : INFO: Started Execution
Thu, 20 Sep 2018 04:43:56 GMT : INFO: currently executing S4 system with ID: S41
Thu, 20 Sep 2018 04:43:56 GMT : INFO: currently executing BW system with ID: BW1
Thu, 20 Sep 2018 04:43:57 GMT : INFO: Invoked the job in BW system, the Job ID is DS10VJ6TPVX5OZ2RW2ZZHVPA4
Thu, 20 Sep 2018 04:43:57 GMT : INFO: Checking the job status for the job with job ID:: DS10VJ6TPVX5OZ2RW2ZZHVPA4
Thu, 20 Sep 2018 04:43:58 GMT : INFO: : Process chain DL_CALL_S4H_PC has status &#34;Active&#34; (log ID DS10VJ6TPVX5OZ2RW2ZZHVPA4)
Thu, 20 Sep 2018 04:44:00 GMT : INFO: : Process chain DL_CALL_S4H_PC has status &#34;Active&#34; (log ID DS10VJ6TPVX5OZ2RW2ZZHVPA4)
Thu, 20 Sep 2018 04:44:02 GMT : INFO: : Process chain DL_CALL_S4H_PC has status &#34;Active&#34; (log ID DS10VJ6TPVX5OZ2RW2ZZHVPA4)
Thu, 20 Sep 2018 04:44:05 GMT : INFO: : Process chain DL_CALL_S4H_PC has status &#34;Active&#34; (log ID DS10VJ6TPVX5OZ2RW2ZZHVPA4)
Thu, 20 Sep 2018 04:44:07 GMT : INFO: : Process chain DL_CALL_S4H_PC has status &#34;Active&#34; (log ID DS10VJ6TPVX5OZ2RW2ZZHVPA4)
Thu, 20 Sep 2018 04:44:09 GMT : INFO: : Process chain DL_CALL_S4H_PC has status &#34;Active&#34; (log ID DS10VJ6TPVX5OZ2RW2ZZHVPA4)
Thu, 20 Sep 2018 04:44:12 GMT : INFO: : Process chain DL_CALL_S4H_PC has status &#34;Active&#34; (log ID DS10VJ6TPVX5OZ2RW2ZZHVPA4)
Thu, 20 Sep 2018 04:44:14 GMT : INFO: : Process chain DL_CALL_S4H_PC has status &#34;Active&#34; (log ID DS10VJ6TPVX5OZ2RW2ZZHVPA4)
Thu, 20 Sep 2018 04:44:17 GMT : INFO: : Process chain DL_CALL_S4H_PC has status &#34;Active&#34; (log ID DS10VJ6TPVX5OZ2RW2ZZHVPA4)
Thu, 20 Sep 2018 04:44:19 GMT : INFO: : Process chain DL_CALL_S4H_PC has status &#34;Active&#34; (log ID DS10VJ6TPVX5OZ2RW2ZZHVPA4)
Thu, 20 Sep 2018 04:44:21 GMT : INFO: : Process chain DL_CALL_S4H_PC has status &#34;Active&#34; (log ID DS10VJ6TPVX5OZ2RW2ZZHVPA4)
Thu, 20 Sep 2018 04:44:24 GMT : INFO: : Process chain DL_CALL_S4H_PC has status &#34;Active&#34; (log ID DS10VJ6TPVX5OZ2RW2ZZHVPA4)
Thu, 20 Sep 2018 04:44:26 GMT : INFO: : Process chain DL_CALL_S4H_PC has status &#34;Active&#34; (log ID DS10VJ6TPVX5OZ2RW2ZZHVPA4)
Thu, 20 Sep 2018 04:44:28 GMT : INFO: : Process chain DL_CALL_S4H_PC has status &#34;Active&#34; (log ID DS10VJ6TPVX5OZ2RW2ZZHVPA4)
Thu, 20 Sep 2018 04:44:31 GMT : INFO: : Process chain DL_CALL_S4H_PC has status &#34;Active&#34; (log ID DS10VJ6TPVX5OZ2RW2ZZHVPA4)
Thu, 20 Sep 2018 04:44:33 GMT : INFO: : Process chain DL_CALL_S4H_PC has status &#34;Active&#34; (log ID DS10VJ6TPVX5OZ2RW2ZZHVPA4)
Thu, 20 Sep 2018 04:44:36 GMT : INFO: : Process chain DL_CALL_S4H_PC has status &#34;Active&#34; (log ID DS10VJ6TPVX5OZ2RW2ZZHVPA4)
Thu, 20 Sep 2018 04:44:38 GMT : INFO: : Process chain DL_CALL_S4H_PC has status &#34;Active&#34; (log ID DS10VJ6TPVX5OZ2RW2ZZHVPA4)
Thu, 20 Sep 2018 04:44:40 GMT : INFO: : Process chain DL_CALL_S4H_PC has status &#34;Active&#34; (log ID DS10VJ6TPVX5OZ2RW2ZZHVPA4)
Thu, 20 Sep 2018 04:44:43 GMT : INFO: : Process chain DL_CALL_S4H_PC has status &#34;Active&#34; (log ID DS10VJ6TPVX5OZ2RW2ZZHVPA4)
Thu, 20 Sep 2018 04:44:45 GMT : INFO: : Process chain DL_CALL_S4H_PC has status &#34;Active&#34; (log ID DS10VJ6TPVX5OZ2RW2ZZHVPA4)
Thu, 20 Sep 2018 04:44:47 GMT : INFO: : Process chain DL_CALL_S4H_PC has status &#34;Active&#34; (log ID DS10VJ6TPVX5OZ2RW2ZZHVPA4)
Thu, 20 Sep 2018 04:44:50 GMT : INFO: : Process chain DL_CALL_S4H_PC has status &#34;Active&#34; (log ID DS10VJ6TPVX5OZ2RW2ZZHVPA4)
Thu, 20 Sep 2018 04:44:52 GMT : INFO: : Process chain DL_CALL_S4H_PC has status &#34;Active&#34; (log ID DS10VJ6TPVX5OZ2RW2ZZHVPA4)
Thu, 20 Sep 2018 04:44:55 GMT : INFO: : Process chain DL_CALL_S4H_PC has status &#34;Active&#34; (log ID DS10VJ6TPVX5OZ2RW2ZZHVPA4)
Thu, 20 Sep 2018 04:44:57 GMT : INFO: : Process chain DL_CALL_S4H_PC has status &#34;Active&#34; (log ID DS10VJ6TPVX5OZ2RW2ZZHVPA4)
Thu, 20 Sep 2018 04:44:59 GMT : INFO: : Process chain DL_CALL_S4H_PC has status &#34;Active&#34; (log ID DS10VJ6TPVX5OZ2RW2ZZHVPA4)
Thu, 20 Sep 2018 04:45:02 GMT : INFO: : Process chain DL_CALL_S4H_PC has status &#34;Active&#34; (log ID DS10VJ6TPVX5OZ2RW2ZZHVPA4)
Thu, 20 Sep 2018 04:45:04 GMT : INFO: : Process chain DL_CALL_S4H_PC has status &#34;Active&#34; (log ID DS10VJ6TPVX5OZ2RW2ZZHVPA4)
Thu, 20 Sep 2018 04:45:07 GMT : INFO: : Process chain DL_CALL_S4H_PC has status &#34;Active&#34; (log ID DS10VJ6TPVX5OZ2RW2ZZHVPA4)
Thu, 20 Sep 2018 04:45:09 GMT : INFO: : Process chain DL_CALL_S4H_PC has status &#34;Ok&#34; (log ID DS10VJ6TPVX5OZ2RW2ZZHVPA4)
Thu, 20 Sep 2018 04:45:11 GMT : INFO: currently executing SAC system with ID: SAC1
Thu, 20 Sep 2018 04:45:11 GMT : INFO: Completed execution of the scenario
Thu, 20 Sep 2018 08:05:52 GMT : INFO: Initiating the scenario
Thu, 20 Sep 2018 08:05:52 GMT : INFO: Assigning Job ID
Thu, 20 Sep 2018 08:05:52 GMT : INFO: Started Execution
Thu, 20 Sep 2018 08:05:52 GMT : INFO: currently executing ERP system with ID: S41
Thu, 20 Sep 2018 08:05:52 GMT : INFO: Invoked the job in ERP system.
Thu, 20 Sep 2018 08:05:52 GMT : INFO: currently executing BW system with ID: BW1
Thu, 20 Sep 2018 08:05:53 GMT : INFO: Invoked the job in BW system, the Job ID is DS122BFAQDAV17X4PBDLT8LA4
Thu, 20 Sep 2018 08:05:53 GMT : INFO: Checking the job status for the job with job ID:: DS122BFAQDAV17X4PBDLT8LA4
Thu, 20 Sep 2018 08:05:54 GMT : INFO: : Process chain PC_DELTA_E2E_ODP has status &#34;Active&#34; (log ID DS122BFAQDAV17X4PBDLT8LA4)
Thu, 20 Sep 2018 08:05:56 GMT : INFO: : Process chain PC_DELTA_E2E_ODP has status &#34;Active&#34; (log ID DS122BFAQDAV17X4PBDLT8LA4)
Thu, 20 Sep 2018 08:05:59 GMT : INFO: : Process chain PC_DELTA_E2E_ODP has status &#34;Active&#34; (log ID DS122BFAQDAV17X4PBDLT8LA4)
Thu, 20 Sep 2018 08:06:01 GMT : INFO: : Process chain PC_DELTA_E2E_ODP has status &#34;Active&#34; (log ID DS122BFAQDAV17X4PBDLT8LA4)
Thu, 20 Sep 2018 08:06:04 GMT : INFO: : Process chain PC_DELTA_E2E_ODP has status &#34;Active&#34; (log ID DS122BFAQDAV17X4PBDLT8LA4)
Thu, 20 Sep 2018 08:06:07 GMT : INFO: : Process chain PC_DELTA_E2E_ODP has status &#34;Active&#34; (log ID DS122BFAQDAV17X4PBDLT8LA4)
Thu, 20 Sep 2018 08:06:09 GMT : INFO: : Process chain PC_DELTA_E2E_ODP has status &#34;Active&#34; (log ID DS122BFAQDAV17X4PBDLT8LA4)
Thu, 20 Sep 2018 08:06:12 GMT : INFO: : Process chain PC_DELTA_E2E_ODP has status &#34;Ok&#34; (log ID DS122BFAQDAV17X4PBDLT8LA4)
Thu, 20 Sep 2018 08:06:14 GMT : INFO: currently executing SAC system with ID: SAC1
Thu, 20 Sep 2018 08:06:14 GMT : INFO: Completed execution of the scenario
Thu, 20 Sep 2018 08:06:14 GMT : INFO: Completed execution of the scenario
Thu, 20 Sep 2018 08:09:25 GMT : INFO: Initiating the scenario
Thu, 20 Sep 2018 08:09:25 GMT : INFO: Assigning Job ID
Thu, 20 Sep 2018 08:09:25 GMT : INFO: Started Execution
Thu, 20 Sep 2018 08:09:25 GMT : INFO: currently executing ERP system with ID: S41
Thu, 20 Sep 2018 08:09:26 GMT : INFO: Invoked the job in ERP system.
Thu, 20 Sep 2018 08:09:26 GMT : INFO: currently executing BW system with ID: BW1
Thu, 20 Sep 2018 08:09:27 GMT : INFO: Invoked the job in BW system, the Job ID is DS1232OMZZR5760EESPL93S8S
Thu, 20 Sep 2018 08:09:27 GMT : INFO: Checking the job status for the job with job ID:: DS1232OMZZR5760EESPL93S8S
Thu, 20 Sep 2018 08:09:27 GMT : INFO: : Process chain PC_DELTA_E2E_ODP has status &#34;Active&#34; (log ID DS1232OMZZR5760EESPL93S8S)
Thu, 20 Sep 2018 08:09:30 GMT : INFO: : Process chain PC_DELTA_E2E_ODP has status &#34;Active&#34; (log ID DS1232OMZZR5760EESPL93S8S)
Thu, 20 Sep 2018 08:09:32 GMT : INFO: : Process chain PC_DELTA_E2E_ODP has status &#34;Active&#34; (log ID DS1232OMZZR5760EESPL93S8S)
Thu, 20 Sep 2018 08:09:35 GMT : INFO: : Process chain PC_DELTA_E2E_ODP has status &#34;Active&#34; (log ID DS1232OMZZR5760EESPL93S8S)
Thu, 20 Sep 2018 08:09:41 GMT : INFO: : Process chain PC_DELTA_E2E_ODP has status &#34;Active&#34; (log ID DS1232OMZZR5760EESPL93S8S)
Thu, 20 Sep 2018 08:09:43 GMT : INFO: : Process chain PC_DELTA_E2E_ODP has status &#34;Active&#34; (log ID DS1232OMZZR5760EESPL93S8S)
Thu, 20 Sep 2018 08:09:46 GMT : INFO: : Process chain PC_DELTA_E2E_ODP has status &#34;Ok&#34; (log ID DS1232OMZZR5760EESPL93S8S)
Thu, 20 Sep 2018 08:09:48 GMT : INFO: currently executing SAC system with ID: SAC1
Thu, 20 Sep 2018 08:09:48 GMT : INFO: Completed execution of the scenario
Thu, 20 Sep 2018 08:09:48 GMT : INFO: Completed execution of the scenario
Thu, 20 Sep 2018 08:38:52 GMT : INFO: Initiating the scenario
Thu, 20 Sep 2018 08:38:52 GMT : INFO: Assigning Job ID
Thu, 20 Sep 2018 08:38:52 GMT : INFO: Started Execution
Thu, 20 Sep 2018 08:38:52 GMT : INFO: currently executing ERP system with ID: S41
Thu, 20 Sep 2018 08:38:53 GMT : INFO: Invoked the job in ERP system.
Thu, 20 Sep 2018 08:38:53 GMT : INFO: currently executing BW system with ID: BW1
Thu, 20 Sep 2018 08:38:54 GMT : INFO: Invoked the job in BW system, the Job ID is DS129AZ4LZCREDQP81WCVMDVG
Thu, 20 Sep 2018 08:38:54 GMT : INFO: Checking the job status for the job with job ID:: DS129AZ4LZCREDQP81WCVMDVG
Thu, 20 Sep 2018 08:38:54 GMT : INFO: : Process chain PC_DELTA_E2E_ODP has status &#34;Active&#34; (log ID DS129AZ4LZCREDQP81WCVMDVG)
Thu, 20 Sep 2018 08:38:57 GMT : INFO: : Process chain PC_DELTA_E2E_ODP has status &#34;Active&#34; (log ID DS129AZ4LZCREDQP81WCVMDVG)
Thu, 20 Sep 2018 08:38:59 GMT : INFO: : Process chain PC_DELTA_E2E_ODP has status &#34;Active&#34; (log ID DS129AZ4LZCREDQP81WCVMDVG)
Thu, 20 Sep 2018 08:39:02 GMT : INFO: : Process chain PC_DELTA_E2E_ODP has status &#34;Active&#34; (log ID DS129AZ4LZCREDQP81WCVMDVG)
Thu, 20 Sep 2018 08:39:08 GMT : INFO: : Process chain PC_DELTA_E2E_ODP has status &#34;Active&#34; (log ID DS129AZ4LZCREDQP81WCVMDVG)
Thu, 20 Sep 2018 08:39:11 GMT : INFO: : Process chain PC_DELTA_E2E_ODP has status &#34;Active&#34; (log ID DS129AZ4LZCREDQP81WCVMDVG)
Thu, 20 Sep 2018 08:39:13 GMT : INFO: : Process chain PC_DELTA_E2E_ODP has status &#34;Ok&#34; (log ID DS129AZ4LZCREDQP81WCVMDVG)
Thu, 20 Sep 2018 08:39:15 GMT : INFO: currently executing SAC system with ID: SAC1
Thu, 20 Sep 2018 08:39:15 GMT : INFO: Completed execution of the scenario
Thu, 20 Sep 2018 08:39:15 GMT : INFO: Completed execution of the scenario
Fri, 21 Sep 2018 03:18:00 GMT : INFO: Initiating the scenario
Fri, 21 Sep 2018 03:18:00 GMT : INFO: Assigning Job ID
Fri, 21 Sep 2018 03:18:00 GMT : INFO: Started Execution
Fri, 21 Sep 2018 03:18:00 GMT : INFO: currently executing HDFS system with ID: HDFS1
Fri, 21 Sep 2018 03:18:00 GMT : INFO: currently executing BW system with ID: BW1
Fri, 21 Sep 2018 03:18:00 GMT : INFO: Invoked the job in BW system, the Job ID is DS18UIWLIWTHI1Z2804DTYHMK
Fri, 21 Sep 2018 03:18:00 GMT : INFO: Checking the job status for the job with job ID:: DS18UIWLIWTHI1Z2804DTYHMK
Fri, 21 Sep 2018 03:18:01 GMT : INFO: : Process chain DL_PC_COLD_TO_HOT has status "Active" (log ID DS18UIWLIWTHI1Z2804DTYHMK)
Fri, 21 Sep 2018 03:18:03 GMT : INFO: : Process chain DL_PC_COLD_TO_HOT has status "Active" (log ID DS18UIWLIWTHI1Z2804DTYHMK)
Fri, 21 Sep 2018 03:18:06 GMT : INFO: : Process chain DL_PC_COLD_TO_HOT has status "Active" (log ID DS18UIWLIWTHI1Z2804DTYHMK)
Fri, 21 Sep 2018 03:18:08 GMT : INFO: : Process chain DL_PC_COLD_TO_HOT has status "Active" (log ID DS18UIWLIWTHI1Z2804DTYHMK)
Fri, 21 Sep 2018 03:18:10 GMT : INFO: : Process chain DL_PC_COLD_TO_HOT has status "Active" (log ID DS18UIWLIWTHI1Z2804DTYHMK)
Fri, 21 Sep 2018 03:18:13 GMT : INFO: : Process chain DL_PC_COLD_TO_HOT has status "Ok" (log ID DS18UIWLIWTHI1Z2804DTYHMK)
Fri, 21 Sep 2018 03:18:15 GMT : INFO: Completed execution of the scenario
Fri, 21 Sep 2018 05:31:54 GMT : INFO: Initiating the scenario
Fri, 21 Sep 2018 05:31:54 GMT : INFO: Assigning Job ID
Fri, 21 Sep 2018 05:31:54 GMT : INFO: Started Execution
Fri, 21 Sep 2018 05:31:54 GMT : INFO: currently executing ERP system with ID: S41
Fri, 21 Sep 2018 05:31:55 GMT : INFO: Invoked the job in ERP system.
Fri, 21 Sep 2018 05:31:55 GMT : INFO: currently executing BW system with ID: BW1
Fri, 21 Sep 2018 05:31:57 GMT : INFO: Invoked the job in BW system, the Job ID is DS19MXILKULA78G5TV1OXLO70
Fri, 21 Sep 2018 05:31:57 GMT : INFO: Checking the job status for the job with job ID:: DS19MXILKULA78G5TV1OXLO70
Fri, 21 Sep 2018 05:31:58 GMT : INFO: : Process chain PC_DELTA_E2E_ODP has status "Active" (log ID DS19MXILKULA78G5TV1OXLO70)
Fri, 21 Sep 2018 05:32:04 GMT : INFO: : Process chain PC_DELTA_E2E_ODP has status "Active" (log ID DS19MXILKULA78G5TV1OXLO70)
Fri, 21 Sep 2018 05:32:06 GMT : INFO: : Process chain PC_DELTA_E2E_ODP has status "Active" (log ID DS19MXILKULA78G5TV1OXLO70)
Fri, 21 Sep 2018 05:32:09 GMT : INFO: : Process chain PC_DELTA_E2E_ODP has status "Active" (log ID DS19MXILKULA78G5TV1OXLO70)
Fri, 21 Sep 2018 05:32:12 GMT : INFO: : Process chain PC_DELTA_E2E_ODP has status "Ok" (log ID DS19MXILKULA78G5TV1OXLO70)
Fri, 21 Sep 2018 05:32:14 GMT : INFO: currently executing SAC system with ID: SAC1
Fri, 21 Sep 2018 05:32:14 GMT : INFO: Completed execution of the scenario
Fri, 21 Sep 2018 05:32:14 GMT : INFO: Completed execution of the scenario
Fri, 21 Sep 2018 06:24:19 GMT : INFO: Initiating the scenario
Fri, 21 Sep 2018 06:24:19 GMT : INFO: Assigning Job ID
Fri, 21 Sep 2018 06:24:19 GMT : INFO: Started Execution
Fri, 21 Sep 2018 06:24:19 GMT : INFO: currently executing ERP system with ID: S41
Fri, 21 Sep 2018 06:24:20 GMT : INFO: Invoked the job in ERP system.
Fri, 21 Sep 2018 06:24:20 GMT : INFO: currently executing BW system with ID: BW1
Fri, 21 Sep 2018 06:24:21 GMT : INFO: Invoked the job in BW system, the Job ID is DS19Y1FLA98SYMHJDIYG3UCOS
Fri, 21 Sep 2018 06:24:21 GMT : INFO: Checking the job status for the job with job ID:: DS19Y1FLA98SYMHJDIYG3UCOS
Fri, 21 Sep 2018 06:24:23 GMT : INFO: : Process chain PC_DELTA_E2E_ODP has status "Active" (log ID DS19Y1FLA98SYMHJDIYG3UCOS)
Fri, 21 Sep 2018 06:24:25 GMT : INFO: : Process chain PC_DELTA_E2E_ODP has status "Active" (log ID DS19Y1FLA98SYMHJDIYG3UCOS)
Fri, 21 Sep 2018 06:24:28 GMT : INFO: : Process chain PC_DELTA_E2E_ODP has status "Active" (log ID DS19Y1FLA98SYMHJDIYG3UCOS)
Fri, 21 Sep 2018 06:24:31 GMT : INFO: : Process chain PC_DELTA_E2E_ODP has status "Active" (log ID DS19Y1FLA98SYMHJDIYG3UCOS)
Fri, 21 Sep 2018 06:24:33 GMT : INFO: : Process chain PC_DELTA_E2E_ODP has status "Active" (log ID DS19Y1FLA98SYMHJDIYG3UCOS)
Fri, 21 Sep 2018 06:24:36 GMT : INFO: : Process chain PC_DELTA_E2E_ODP has status "Ok" (log ID DS19Y1FLA98SYMHJDIYG3UCOS)
Fri, 21 Sep 2018 06:24:38 GMT : INFO: currently executing SAC system with ID: SAC1
Fri, 21 Sep 2018 06:24:38 GMT : INFO: Completed execution of the scenario
Fri, 21 Sep 2018 06:24:38 GMT : INFO: Completed execution of the scenario
Fri, 21 Sep 2018 07:02:40 GMT : INFO: Initiating the scenario
Fri, 21 Sep 2018 07:02:40 GMT : INFO: Assigning Job ID
Fri, 21 Sep 2018 07:02:40 GMT : INFO: Started Execution
Fri, 21 Sep 2018 07:02:40 GMT : INFO: currently executing S4 system with ID: S41
Fri, 21 Sep 2018 07:02:40 GMT : INFO: currently executing BW system with ID: BW1
Fri, 21 Sep 2018 07:02:41 GMT : INFO: Invoked the job in BW system, the Job ID is DS1A65HYEHV93CUO7TGC1XFP8
Fri, 21 Sep 2018 07:02:41 GMT : INFO: Checking the job status for the job with job ID:: DS1A65HYEHV93CUO7TGC1XFP8
Fri, 21 Sep 2018 07:02:43 GMT : INFO: : Process chain DL_CALL_S4H_PC has status "Active" (log ID DS1A65HYEHV93CUO7TGC1XFP8)
Fri, 21 Sep 2018 07:02:45 GMT : INFO: : Process chain DL_CALL_S4H_PC has status "Active" (log ID DS1A65HYEHV93CUO7TGC1XFP8)
Fri, 21 Sep 2018 07:02:47 GMT : INFO: : Process chain DL_CALL_S4H_PC has status "Active" (log ID DS1A65HYEHV93CUO7TGC1XFP8)
Fri, 21 Sep 2018 07:02:50 GMT : INFO: : Process chain DL_CALL_S4H_PC has status "Active" (log ID DS1A65HYEHV93CUO7TGC1XFP8)
Fri, 21 Sep 2018 07:02:52 GMT : INFO: : Process chain DL_CALL_S4H_PC has status "Active" (log ID DS1A65HYEHV93CUO7TGC1XFP8)
Fri, 21 Sep 2018 07:02:55 GMT : INFO: : Process chain DL_CALL_S4H_PC has status "Active" (log ID DS1A65HYEHV93CUO7TGC1XFP8)
Fri, 21 Sep 2018 07:02:57 GMT : INFO: : Process chain DL_CALL_S4H_PC has status "Active" (log ID DS1A65HYEHV93CUO7TGC1XFP8)
Fri, 21 Sep 2018 07:03:00 GMT : INFO: : Process chain DL_CALL_S4H_PC has status "Active" (log ID DS1A65HYEHV93CUO7TGC1XFP8)
Fri, 21 Sep 2018 07:03:02 GMT : INFO: : Process chain DL_CALL_S4H_PC has status "Active" (log ID DS1A65HYEHV93CUO7TGC1XFP8)
Fri, 21 Sep 2018 07:03:05 GMT : INFO: : Process chain DL_CALL_S4H_PC has status "Active" (log ID DS1A65HYEHV93CUO7TGC1XFP8)
Fri, 21 Sep 2018 07:03:07 GMT : INFO: : Process chain DL_CALL_S4H_PC has status "Active" (log ID DS1A65HYEHV93CUO7TGC1XFP8)
Fri, 21 Sep 2018 07:03:09 GMT : INFO: : Process chain DL_CALL_S4H_PC has status "Active" (log ID DS1A65HYEHV93CUO7TGC1XFP8)
Fri, 21 Sep 2018 07:03:12 GMT : INFO: : Process chain DL_CALL_S4H_PC has status "Active" (log ID DS1A65HYEHV93CUO7TGC1XFP8)
Fri, 21 Sep 2018 07:03:14 GMT : INFO: : Process chain DL_CALL_S4H_PC has status "Active" (log ID DS1A65HYEHV93CUO7TGC1XFP8)
Fri, 21 Sep 2018 07:03:17 GMT : INFO: : Process chain DL_CALL_S4H_PC has status "Active" (log ID DS1A65HYEHV93CUO7TGC1XFP8)
Fri, 21 Sep 2018 07:03:19 GMT : INFO: : Process chain DL_CALL_S4H_PC has status "Active" (log ID DS1A65HYEHV93CUO7TGC1XFP8)
Fri, 21 Sep 2018 07:03:22 GMT : INFO: : Process chain DL_CALL_S4H_PC has status "Active" (log ID DS1A65HYEHV93CUO7TGC1XFP8)
Fri, 21 Sep 2018 07:03:24 GMT : INFO: : Process chain DL_CALL_S4H_PC has status "Active" (log ID DS1A65HYEHV93CUO7TGC1XFP8)
Fri, 21 Sep 2018 07:03:26 GMT : INFO: : Process chain DL_CALL_S4H_PC has status "Active" (log ID DS1A65HYEHV93CUO7TGC1XFP8)
Fri, 21 Sep 2018 07:03:29 GMT : INFO: : Process chain DL_CALL_S4H_PC has status "Active" (log ID DS1A65HYEHV93CUO7TGC1XFP8)
Fri, 21 Sep 2018 07:03:31 GMT : INFO: : Process chain DL_CALL_S4H_PC has status "Active" (log ID DS1A65HYEHV93CUO7TGC1XFP8)
Fri, 21 Sep 2018 07:03:34 GMT : INFO: : Process chain DL_CALL_S4H_PC has status "Active" (log ID DS1A65HYEHV93CUO7TGC1XFP8)
Fri, 21 Sep 2018 07:03:36 GMT : INFO: : Process chain DL_CALL_S4H_PC has status "Active" (log ID DS1A65HYEHV93CUO7TGC1XFP8)
Fri, 21 Sep 2018 07:03:39 GMT : INFO: : Process chain DL_CALL_S4H_PC has status "Active" (log ID DS1A65HYEHV93CUO7TGC1XFP8)
Fri, 21 Sep 2018 07:03:41 GMT : INFO: : Process chain DL_CALL_S4H_PC has status "Active" (log ID DS1A65HYEHV93CUO7TGC1XFP8)
Fri, 21 Sep 2018 07:03:44 GMT : INFO: : Process chain DL_CALL_S4H_PC has status "Active" (log ID DS1A65HYEHV93CUO7TGC1XFP8)
Fri, 21 Sep 2018 07:03:46 GMT : INFO: : Process chain DL_CALL_S4H_PC has status "Active" (log ID DS1A65HYEHV93CUO7TGC1XFP8)
Fri, 21 Sep 2018 07:03:49 GMT : INFO: : Process chain DL_CALL_S4H_PC has status "Active" (log ID DS1A65HYEHV93CUO7TGC1XFP8)
Fri, 21 Sep 2018 07:03:51 GMT : INFO: : Process chain DL_CALL_S4H_PC has status "Active" (log ID DS1A65HYEHV93CUO7TGC1XFP8)
Fri, 21 Sep 2018 07:03:54 GMT : INFO: : Process chain DL_CALL_S4H_PC has status "Ok" (log ID DS1A65HYEHV93CUO7TGC1XFP8)
Fri, 21 Sep 2018 07:03:56 GMT : INFO: currently executing SAC system with ID: SAC1
Fri, 21 Sep 2018 07:03:56 GMT : INFO: Completed execution of the scenario
Fri, 21 Sep 2018 07:35:10 GMT : INFO: Initiating the scenario
Fri, 21 Sep 2018 07:35:10 GMT : INFO: Assigning Job ID
Fri, 21 Sep 2018 07:35:10 GMT : INFO: Started Execution
Fri, 21 Sep 2018 07:35:10 GMT : INFO: currently executing S4 system with ID: S41
Fri, 21 Sep 2018 07:35:10 GMT : INFO: currently executing BW system with ID: BW1
Fri, 21 Sep 2018 07:35:11 GMT : INFO: Invoked the job in BW system, the Job ID is DS1AD1JF79JSM0R6FTFASBGZG
Fri, 21 Sep 2018 07:35:11 GMT : INFO: Checking the job status for the job with job ID:: DS1AD1JF79JSM0R6FTFASBGZG
Fri, 21 Sep 2018 07:35:11 GMT : INFO: : Process chain DL_CALL_S4H_PC has status "Active" (log ID DS1AD1JF79JSM0R6FTFASBGZG)
Fri, 21 Sep 2018 07:35:13 GMT : INFO: : Process chain DL_CALL_S4H_PC has status "Active" (log ID DS1AD1JF79JSM0R6FTFASBGZG)
Fri, 21 Sep 2018 07:35:16 GMT : INFO: : Process chain DL_CALL_S4H_PC has status "Active" (log ID DS1AD1JF79JSM0R6FTFASBGZG)
Fri, 21 Sep 2018 07:35:18 GMT : INFO: : Process chain DL_CALL_S4H_PC has status "Active" (log ID DS1AD1JF79JSM0R6FTFASBGZG)
Fri, 21 Sep 2018 07:35:21 GMT : INFO: : Process chain DL_CALL_S4H_PC has status "Active" (log ID DS1AD1JF79JSM0R6FTFASBGZG)
Fri, 21 Sep 2018 07:35:23 GMT : INFO: : Process chain DL_CALL_S4H_PC has status "Active" (log ID DS1AD1JF79JSM0R6FTFASBGZG)
Fri, 21 Sep 2018 07:35:25 GMT : INFO: : Process chain DL_CALL_S4H_PC has status "Active" (log ID DS1AD1JF79JSM0R6FTFASBGZG)
Fri, 21 Sep 2018 07:35:28 GMT : INFO: : Process chain DL_CALL_S4H_PC has status "Active" (log ID DS1AD1JF79JSM0R6FTFASBGZG)
Fri, 21 Sep 2018 07:35:30 GMT : INFO: : Process chain DL_CALL_S4H_PC has status "Active" (log ID DS1AD1JF79JSM0R6FTFASBGZG)
Fri, 21 Sep 2018 07:35:33 GMT : INFO: : Process chain DL_CALL_S4H_PC has status "Active" (log ID DS1AD1JF79JSM0R6FTFASBGZG)
Fri, 21 Sep 2018 07:35:35 GMT : INFO: : Process chain DL_CALL_S4H_PC has status "Active" (log ID DS1AD1JF79JSM0R6FTFASBGZG)
Fri, 21 Sep 2018 07:35:38 GMT : INFO: : Process chain DL_CALL_S4H_PC has status "Active" (log ID DS1AD1JF79JSM0R6FTFASBGZG)
Fri, 21 Sep 2018 07:35:40 GMT : INFO: : Process chain DL_CALL_S4H_PC has status "Active" (log ID DS1AD1JF79JSM0R6FTFASBGZG)
Fri, 21 Sep 2018 07:35:43 GMT : INFO: : Process chain DL_CALL_S4H_PC has status "Active" (log ID DS1AD1JF79JSM0R6FTFASBGZG)
Fri, 21 Sep 2018 07:35:45 GMT : INFO: : Process chain DL_CALL_S4H_PC has status "Active" (log ID DS1AD1JF79JSM0R6FTFASBGZG)
Fri, 21 Sep 2018 07:35:48 GMT : INFO: : Process chain DL_CALL_S4H_PC has status "Active" (log ID DS1AD1JF79JSM0R6FTFASBGZG)
Fri, 21 Sep 2018 07:35:50 GMT : INFO: : Process chain DL_CALL_S4H_PC has status "Active" (log ID DS1AD1JF79JSM0R6FTFASBGZG)
Fri, 21 Sep 2018 07:35:53 GMT : INFO: : Process chain DL_CALL_S4H_PC has status "Active" (log ID DS1AD1JF79JSM0R6FTFASBGZG)
Fri, 21 Sep 2018 07:35:56 GMT : INFO: : Process chain DL_CALL_S4H_PC has status "Active" (log ID DS1AD1JF79JSM0R6FTFASBGZG)
Fri, 21 Sep 2018 07:35:58 GMT : INFO: : Process chain DL_CALL_S4H_PC has status "Active" (log ID DS1AD1JF79JSM0R6FTFASBGZG)
Fri, 21 Sep 2018 07:36:00 GMT : INFO: : Process chain DL_CALL_S4H_PC has status "Active" (log ID DS1AD1JF79JSM0R6FTFASBGZG)
Fri, 21 Sep 2018 07:36:03 GMT : INFO: : Process chain DL_CALL_S4H_PC has status "Active" (log ID DS1AD1JF79JSM0R6FTFASBGZG)
Fri, 21 Sep 2018 07:36:05 GMT : INFO: : Process chain DL_CALL_S4H_PC has status "Active" (log ID DS1AD1JF79JSM0R6FTFASBGZG)
Fri, 21 Sep 2018 07:36:08 GMT : INFO: : Process chain DL_CALL_S4H_PC has status "Active" (log ID DS1AD1JF79JSM0R6FTFASBGZG)
Fri, 21 Sep 2018 07:36:10 GMT : INFO: : Process chain DL_CALL_S4H_PC has status "Active" (log ID DS1AD1JF79JSM0R6FTFASBGZG)
Fri, 21 Sep 2018 07:36:13 GMT : INFO: : Process chain DL_CALL_S4H_PC has status "Active" (log ID DS1AD1JF79JSM0R6FTFASBGZG)
Fri, 21 Sep 2018 07:36:15 GMT : INFO: : Process chain DL_CALL_S4H_PC has status "Active" (log ID DS1AD1JF79JSM0R6FTFASBGZG)
Fri, 21 Sep 2018 07:36:18 GMT : INFO: : Process chain DL_CALL_S4H_PC has status "Active" (log ID DS1AD1JF79JSM0R6FTFASBGZG)
Fri, 21 Sep 2018 07:36:20 GMT : INFO: : Process chain DL_CALL_S4H_PC has status "Active" (log ID DS1AD1JF79JSM0R6FTFASBGZG)
Fri, 21 Sep 2018 07:36:23 GMT : INFO: : Process chain DL_CALL_S4H_PC has status "Ok" (log ID DS1AD1JF79JSM0R6FTFASBGZG)
Fri, 21 Sep 2018 07:36:25 GMT : INFO: currently executing SAC system with ID: SAC1
Fri, 21 Sep 2018 07:36:25 GMT : INFO: Completed execution of the scenario
Tue, 25 Sep 2018 05:16:47 GMT : INFO: Initiating the scenario
Tue, 25 Sep 2018 05:16:47 GMT : INFO: Assigning Job ID
Tue, 25 Sep 2018 05:16:47 GMT : INFO: Started Execution
Tue, 25 Sep 2018 05:16:47 GMT : INFO: currently executing HDFS system with ID: HDFS1
Tue, 25 Sep 2018 05:16:47 GMT : INFO: currently executing BW system with ID: BW1
Tue, 25 Sep 2018 05:16:48 GMT : INFO: Invoked the job in BW system, the Job ID is DS27GMCBQC4AI73JJVLB97V7G
Tue, 25 Sep 2018 05:16:48 GMT : INFO: Checking the job status for the job with job ID:: DS27GMCBQC4AI73JJVLB97V7G
Tue, 25 Sep 2018 05:16:49 GMT : INFO: : Process chain DL_PC_COLD_TO_HOT has status "Active" (log ID DS27GMCBQC4AI73JJVLB97V7G)
Tue, 25 Sep 2018 05:16:51 GMT : INFO: : Process chain DL_PC_COLD_TO_HOT has status "Active" (log ID DS27GMCBQC4AI73JJVLB97V7G)
Tue, 25 Sep 2018 05:16:53 GMT : INFO: : Process chain DL_PC_COLD_TO_HOT has status "Active" (log ID DS27GMCBQC4AI73JJVLB97V7G)
Tue, 25 Sep 2018 05:16:56 GMT : INFO: : Process chain DL_PC_COLD_TO_HOT has status "Active" (log ID DS27GMCBQC4AI73JJVLB97V7G)
Tue, 25 Sep 2018 05:16:58 GMT : INFO: : Process chain DL_PC_COLD_TO_HOT has status "Active" (log ID DS27GMCBQC4AI73JJVLB97V7G)
Tue, 25 Sep 2018 05:17:00 GMT : INFO: : Process chain DL_PC_COLD_TO_HOT has status "Active" (log ID DS27GMCBQC4AI73JJVLB97V7G)
Tue, 25 Sep 2018 05:17:03 GMT : INFO: : Process chain DL_PC_COLD_TO_HOT has status "Ok" (log ID DS27GMCBQC4AI73JJVLB97V7G)
Tue, 25 Sep 2018 05:17:05 GMT : INFO: Completed execution of the scenario
Mon, 15 Oct 2018 08:55:22 GMT : INFO: Initiating the scenario
Mon, 15 Oct 2018 08:55:22 GMT : INFO: Assigning Job ID
Mon, 15 Oct 2018 08:55:22 GMT : INFO: Started Execution
Mon, 15 Oct 2018 08:55:22 GMT : INFO: currently executing S4 system with ID: S41
Mon, 15 Oct 2018 08:55:22 GMT : INFO: currently executing BW system with ID: BW1
Mon, 15 Oct 2018 08:55:25 GMT : INFO: Invoked the job in BW system, the Job ID is DS6YBICU8PAQMLNUDZUZELSQK
Mon, 15 Oct 2018 08:55:25 GMT : INFO: Checking the job status for the job with job ID:: DS6YBICU8PAQMLNUDZUZELSQK
Mon, 15 Oct 2018 08:55:25 GMT : INFO: : Process chain DL_CALL_S4H_PC has status "Active" (log ID DS6YBICU8PAQMLNUDZUZELSQK)
Mon, 15 Oct 2018 08:55:28 GMT : INFO: : Process chain DL_CALL_S4H_PC has status "Active" (log ID DS6YBICU8PAQMLNUDZUZELSQK)
Mon, 15 Oct 2018 08:55:30 GMT : INFO: : Process chain DL_CALL_S4H_PC has status "Active" (log ID DS6YBICU8PAQMLNUDZUZELSQK)
Mon, 15 Oct 2018 08:55:33 GMT : INFO: : Process chain DL_CALL_S4H_PC has status "Active" (log ID DS6YBICU8PAQMLNUDZUZELSQK)
Mon, 15 Oct 2018 08:55:35 GMT : INFO: : Process chain DL_CALL_S4H_PC has status "Active" (log ID DS6YBICU8PAQMLNUDZUZELSQK)
Mon, 15 Oct 2018 08:55:37 GMT : INFO: : Process chain DL_CALL_S4H_PC has status "Active" (log ID DS6YBICU8PAQMLNUDZUZELSQK)
Mon, 15 Oct 2018 08:55:40 GMT : INFO: : Process chain DL_CALL_S4H_PC has status "Active" (log ID DS6YBICU8PAQMLNUDZUZELSQK)
Mon, 15 Oct 2018 08:55:42 GMT : INFO: : Process chain DL_CALL_S4H_PC has status "Active" (log ID DS6YBICU8PAQMLNUDZUZELSQK)
Mon, 15 Oct 2018 08:55:45 GMT : INFO: : Process chain DL_CALL_S4H_PC has status "Active" (log ID DS6YBICU8PAQMLNUDZUZELSQK)
Mon, 15 Oct 2018 08:55:48 GMT : INFO: : Process chain DL_CALL_S4H_PC has status "Active" (log ID DS6YBICU8PAQMLNUDZUZELSQK)
Mon, 15 Oct 2018 08:55:51 GMT : INFO: : Process chain DL_CALL_S4H_PC has status "Active" (log ID DS6YBICU8PAQMLNUDZUZELSQK)
Mon, 15 Oct 2018 08:55:53 GMT : INFO: : Process chain DL_CALL_S4H_PC has status "Active" (log ID DS6YBICU8PAQMLNUDZUZELSQK)
Mon, 15 Oct 2018 08:55:56 GMT : INFO: : Process chain DL_CALL_S4H_PC has status "Active" (log ID DS6YBICU8PAQMLNUDZUZELSQK)
Mon, 15 Oct 2018 08:55:58 GMT : INFO: : Process chain DL_CALL_S4H_PC has status "Active" (log ID DS6YBICU8PAQMLNUDZUZELSQK)
Mon, 15 Oct 2018 08:56:01 GMT : INFO: : Process chain DL_CALL_S4H_PC has status "Active" (log ID DS6YBICU8PAQMLNUDZUZELSQK)
Mon, 15 Oct 2018 08:56:03 GMT : INFO: : Process chain DL_CALL_S4H_PC has status "Active" (log ID DS6YBICU8PAQMLNUDZUZELSQK)
Mon, 15 Oct 2018 08:56:06 GMT : INFO: : Process chain DL_CALL_S4H_PC has status "Active" (log ID DS6YBICU8PAQMLNUDZUZELSQK)
Mon, 15 Oct 2018 08:56:08 GMT : INFO: : Process chain DL_CALL_S4H_PC has status "Active" (log ID DS6YBICU8PAQMLNUDZUZELSQK)
Mon, 15 Oct 2018 08:56:11 GMT : INFO: : Process chain DL_CALL_S4H_PC has status "Active" (log ID DS6YBICU8PAQMLNUDZUZELSQK)
Mon, 15 Oct 2018 08:56:13 GMT : INFO: : Process chain DL_CALL_S4H_PC has status "Active" (log ID DS6YBICU8PAQMLNUDZUZELSQK)
Mon, 15 Oct 2018 08:56:16 GMT : INFO: : Process chain DL_CALL_S4H_PC has status "Active" (log ID DS6YBICU8PAQMLNUDZUZELSQK)
Mon, 15 Oct 2018 08:56:18 GMT : INFO: : Process chain DL_CALL_S4H_PC has status "Active" (log ID DS6YBICU8PAQMLNUDZUZELSQK)
Mon, 15 Oct 2018 08:56:21 GMT : INFO: : Process chain DL_CALL_S4H_PC has status "Active" (log ID DS6YBICU8PAQMLNUDZUZELSQK)
Mon, 15 Oct 2018 08:56:23 GMT : INFO: : Process chain DL_CALL_S4H_PC has status "Active" (log ID DS6YBICU8PAQMLNUDZUZELSQK)
Mon, 15 Oct 2018 08:56:26 GMT : INFO: : Process chain DL_CALL_S4H_PC has status "Active" (log ID DS6YBICU8PAQMLNUDZUZELSQK)
Mon, 15 Oct 2018 08:56:28 GMT : INFO: : Process chain DL_CALL_S4H_PC has status "Active" (log ID DS6YBICU8PAQMLNUDZUZELSQK)
Mon, 15 Oct 2018 08:56:30 GMT : INFO: : Process chain DL_CALL_S4H_PC has status "Active" (log ID DS6YBICU8PAQMLNUDZUZELSQK)
Mon, 15 Oct 2018 08:56:33 GMT : INFO: : Process chain DL_CALL_S4H_PC has status "Active" (log ID DS6YBICU8PAQMLNUDZUZELSQK)
Mon, 15 Oct 2018 08:56:35 GMT : INFO: : Process chain DL_CALL_S4H_PC has status "Active" (log ID DS6YBICU8PAQMLNUDZUZELSQK)
Mon, 15 Oct 2018 08:56:38 GMT : INFO: : Process chain DL_CALL_S4H_PC has status "Ok" (log ID DS6YBICU8PAQMLNUDZUZELSQK)
Mon, 15 Oct 2018 08:56:40 GMT : INFO: currently executing SAC system with ID: SAC1
Mon, 15 Oct 2018 08:56:40 GMT : INFO: Completed execution of the scenario
